#
# A fatal error has been detected by the Java Runtime Environment:
#
#  SIGSEGV (0xb) at pc=0x00000001242a93fd, pid=8624, tid=775
#
# JRE version: Java(TM) SE Runtime Environment (8.0_25-b17) (build 1.8.0_25-b17)
# Java VM: Java HotSpot(TM) 64-Bit Server VM (25.25-b02 mixed mode bsd-amd64 compressed oops)
# Problematic frame:
# C  [libglass.dylib+0x163fd]  GlassScreenDidChangeScreenParameters+0x9d
#
# Failed to write core dump. Core dumps have been disabled. To enable core dumping, try "ulimit -c unlimited" before starting Java again
#
# If you would like to submit a bug report, please visit:
#   http://bugreport.sun.com/bugreport/crash.jsp
#

---------------  T H R E A D  ---------------

Current thread is native thread

siginfo: si_signo: 11 (SIGSEGV), si_code: 1 (SEGV_MAPERR), si_addr: 0x0000000000000000

Registers:
RAX=0x00000001242dbe40, RBX=0x0000000000000000, RCX=0x0000000000000103, RDX=0x00007fe37aa39c88
RSP=0x00007fff5b0c8b00, RBP=0x00007fff5b0c8b10, RSI=0x00007fe378e0aef8, RDI=0x0000000000000000
R8 =0x0000000000000040, R9 =0x00007ffff024a040, R10=0xffffffffffffffff, R11=0x0000000000012068
R12=0x0000000000000000, R13=0x00007fe378c6d7c0, R14=0x00007fe37ab013b0, R15=0x0000000000000000
RIP=0x00000001242a93fd, EFLAGS=0x0000000000010206, ERR=0x0000000000000004
  TRAPNO=0x000000000000000e

Top of Stack: (sp=0x00007fff5b0c8b00)
0x00007fff5b0c8b00:   00007fe378c6d800 00007fe37ab013b0
0x00007fff5b0c8b10:   00007fff5b0c8b20 00007fffd1c0750c
0x00007fff5b0c8b20:   00007fff5b0c8b90 00007fffd1c0740b
0x00007fff5b0c8b30:   0000000104b4f000 00007ffff0245060
0x00007fff5b0c8b40:   00000000c2000000 00007fffd1c07460
0x00007fff5b0c8b50:   00007fffecac5680 00007fe378c6d7c0
0x00007fff5b0c8b60:   00007fe37ab013b0 00007fff5b0c9358
0x00007fff5b0c8b70:   00007fffe6a61040 00007fff5b0c8c60
0x00007fff5b0c8b80:   00007fe378c6d7c0 00007fffd030c078
0x00007fff5b0c8b90:   00007fff5b0c8bd0 00007fffd1c07172
0x00007fff5b0c8ba0:   00007fff5b0c91a0 0000000000000000
0x00007fff5b0c8bb0:   00007fffe6a61040 00007fff5b0c8c60
0x00007fff5b0c8bc0:   00007fff5b0c9358 00007fffd030c078
0x00007fff5b0c8bd0:   00007fff5b0c92f0 00007fffd1bc45a3
0x00007fff5b0c8be0:   0000000000000003 00007fff5b0c8ca0
0x00007fff5b0c8bf0:   00007fe378d6b640 00007fff5b0c9240
0x00007fff5b0c8c00:   00007fe378e171c0 00007fffecac6cb0
0x00007fff5b0c8c10:   0000000000000000 00007fe37c1b1048
0x00007fff5b0c8c20:   00007fe378e17101 00007fe37aa2d600
0x00007fff5b0c8c30:   00007fffecbf90e0 0000000000000000
0x00007fff5b0c8c40:   00007fe378c6d940 0000000000000000
0x00007fff5b0c8c50:   0000000000000000 00007fffecb05900
0x00007fff5b0c8c60:   00007fff5b0c91a0 0000000000000001
0x00007fff5b0c8c70:   0000000000000100 00007fff5b0c8c00
0x00007fff5b0c8c80:   00007fff5b0c90a0 0000000000000000
0x00007fff5b0c8c90:   0000000000000100 00007fffecb06e00
0x00007fff5b0c8ca0:   00007fff5b0c9240 0000000000000001
0x00007fff5b0c8cb0:   00007fff5b0c8cf0 00007fffd1bbf24c
0x00007fff5b0c8cc0:   000000000000000c 00007fe378d6b640
0x00007fff5b0c8cd0:   00007fe378d6b640 00007fffecb06e80
0x00007fff5b0c8ce0:   00007fe378d00130 0000000000000001
0x00007fff5b0c8cf0:   00007fff5b0c9370 00007fffd1bbed69 

Instructions: (pc=0x00000001242a93fd)
0x00000001242a93dd:   89 df 4c 89 f1 41 ff 90 68 04 00 00 48 8d 05 58
0x00000001242a93ed:   29 03 00 48 8b 30 48 8d 05 46 2a 03 00 48 8b 10
0x00000001242a93fd:   48 8b 0b 30 c0 48 89 df ff 91 68 04 00 00 48 8b
0x00000001242a940d:   03 48 89 df ff 50 78 48 85 c0 74 36 49 89 c6 48 

Register to memory mapping:

RAX=0x00000001242dbe40: jScreenNotifySettingsChanged+0 in /Library/Java/JavaVirtualMachines/jdk1.8.0_25.jdk/Contents/Home/jre/lib/libglass.dylib at 0x0000000124293000
RBX=0x0000000000000000 is an unknown value
RCX=0x0000000000000103 is an unknown value
RDX=0x00007fe37aa39c88 is an unknown value
RSP=0x00007fff5b0c8b00 is an unknown value
RBP=0x00007fff5b0c8b10 is an unknown value
RSI=0x00007fe378e0aef8 is a global jni handle
RDI=0x0000000000000000 is an unknown value
R8 =0x0000000000000040 is an unknown value
R9 =0x00007ffff024a040: __sFX+0x1c0 in /usr/lib/system/libsystem_c.dylib at 0x00007fffe7389000
R10=0xffffffffffffffff is an unknown value
R11=0x0000000000012068 is an unknown value
R12=0x0000000000000000 is an unknown value
R13=0x00007fe378c6d7c0 is an unknown value
R14=0x00007fe37ab013b0 is an unknown value
R15=0x0000000000000000 is an unknown value


Stack: [0x00007fff5a8cc000,0x00007fff5b0cc000],  sp=0x00007fff5b0c8b00,  free space=8178k
Native frames: (J=compiled Java code, j=interpreted, Vv=VM code, C=native code)
C  [libglass.dylib+0x163fd]  GlassScreenDidChangeScreenParameters+0x9d
C  [CoreFoundation+0x9d50c]  __CFNOTIFICATIONCENTER_IS_CALLING_OUT_TO_AN_OBSERVER__+0xc
C  [CoreFoundation+0x9d40b]  _CFXRegistrationPost+0x1ab
C  [CoreFoundation+0x9d172]  ___CFXNotificationPost_block_invoke+0x32
C  [CoreFoundation+0x5a5a3]  -[_CFXNotificationRegistrar find:object:observer:enumerator:]+0x723
C  [CoreFoundation+0x595dc]  _CFXNotificationPost+0x25c
C  [Foundation+0x6997]  -[NSNotificationCenter postNotificationName:object:userInfo:]+0x42
C  [AppKit+0x3f0e8a]  -[NSApplication _reactToScreenInvalidationImmediately:]+0x18f
C  [AppKit+0x3f0cc7]  __44-[NSApplication _reactToScreenInvalidation:]_block_invoke+0x3b
C  [CoreFoundation+0xa721c]  __CFRUNLOOP_IS_CALLING_OUT_TO_A_BLOCK__+0xc
C  [CoreFoundation+0x88034]  __CFRunLoopDoBlocks+0x164
C  [CoreFoundation+0x87b76]  __CFRunLoopRun+0x756
C  [CoreFoundation+0x871c4]  CFRunLoopRunSpecific+0x1a4
C  [java+0x56cc]  CreateExecutionEnvironment+0x367
C  [java+0x165c]  JLI_Launch+0x7a0
C  [java+0x768a]  main+0x65
C  [java+0xeb4]  start+0x34


---------------  P R O C E S S  ---------------

VM state:at safepoint (normal execution)

VM Mutex/Monitor currently owned by a thread:  ([mutex/lock_event])
[0x00007fe378c10e20] Threads_lock - owner thread: 0x00007fe37a050000

Heap:
 PSYoungGen      total 76288K, used 17488K [0x000000076ab00000, 0x0000000770000000, 0x00000007c0000000)
  eden space 65536K, 26% used [0x000000076ab00000,0x000000076bc14238,0x000000076eb00000)
  from space 10752K, 0% used [0x000000076f580000,0x000000076f580000,0x0000000770000000)
  to   space 10752K, 0% used [0x000000076eb00000,0x000000076eb00000,0x000000076f580000)
 ParOldGen       total 175104K, used 0K [0x00000006c0000000, 0x00000006cab00000, 0x000000076ab00000)
  object space 175104K, 0% used [0x00000006c0000000,0x00000006c0000000,0x00000006cab00000)
 Metaspace       used 7978K, capacity 8244K, committed 8576K, reserved 1056768K
  class space    used 958K, capacity 1031K, committed 1152K, reserved 1048576K

Card table byte_map: [0x0000000106ee5000,0x00000001076e6000] byte_map_base: 0x00000001038e5000

Marking Bits: (ParMarkBitMap*) 0x000000010649d390
 Begin Bits: [0x0000000107c3c000, 0x000000010bc3c000)
 End Bits:   [0x000000010bc3c000, 0x000000010fc3c000)

Polling page: 0x0000000104bf2000

CodeCache: size=245760Kb used=2145Kb max_used=2145Kb free=243614Kb
 bounds [0x0000000110466000, 0x00000001106d6000, 0x000000011f466000]
 total_blobs=868 nmethods=482 adapters=301
 compilation: enabled

Compilation events (10 events):
Event: 0.393 Thread 0x00007fe37b809800 nmethod 478 0x000000011067a210 code [0x000000011067a3c0, 0x000000011067a948]
Event: 0.394 Thread 0x00007fe37b809800  480       3       java.util.StringTokenizer::scanToken (179 bytes)
Event: 0.395 Thread 0x00007fe37b801000 nmethod 477 0x0000000110678190 code [0x00000001106782e0, 0x0000000110678708]
Event: 0.395 Thread 0x00007fe37b809800 nmethod 480 0x000000011067be90 code [0x000000011067c120, 0x000000011067d3d8]
Event: 0.395 Thread 0x00007fe37b809800  479       3       java.util.StringTokenizer::skipDelimiters (116 bytes)
Event: 0.396 Thread 0x00007fe37b809800 nmethod 479 0x000000011067ac90 code [0x000000011067aea0, 0x000000011067ba18]
Event: 0.396 Thread 0x00007fe37b809800  481       1       java.lang.StringCoding$StringEncoder::requestedCharsetName (5 bytes)
Event: 0.396 Thread 0x00007fe37b809800 nmethod 481 0x000000011067db50 code [0x000000011067dca0, 0x000000011067ddb0]
Event: 0.396 Thread 0x00007fe37b809800  482       1       java.util.HashMap::afterNodeInsertion (1 bytes)
Event: 0.396 Thread 0x00007fe37b809800 nmethod 482 0x000000011067de10 code [0x000000011067df60, 0x000000011067e070]

GC Heap History (0 events):
No events

Deoptimization events (0 events):
No events

Internal exceptions (10 events):
Event: 0.369 Thread 0x00007fe37c1b9000 Exception <a 'java/security/PrivilegedActionException'> (0x000000076bafe188) thrown at [/HUDSON3/workspace/8-2-build-macosx-x86_64/jdk8u25/1514/hotspot/src/share/vm/prims/jvm.cpp, line 1312]
Event: 0.375 Thread 0x00007fe37c1b9000 Exception <a 'java/security/PrivilegedActionException'> (0x000000076bb1cea0) thrown at [/HUDSON3/workspace/8-2-build-macosx-x86_64/jdk8u25/1514/hotspot/src/share/vm/prims/jvm.cpp, line 1312]
Event: 0.375 Thread 0x00007fe37c1b9000 Exception <a 'java/security/PrivilegedActionException'> (0x000000076bb1e7f0) thrown at [/HUDSON3/workspace/8-2-build-macosx-x86_64/jdk8u25/1514/hotspot/src/share/vm/prims/jvm.cpp, line 1312]
Event: 0.377 Thread 0x00007fe37c1b9000 Exception <a 'java/security/PrivilegedActionException'> (0x000000076bb3b6c8) thrown at [/HUDSON3/workspace/8-2-build-macosx-x86_64/jdk8u25/1514/hotspot/src/share/vm/prims/jvm.cpp, line 1312]
Event: 0.377 Thread 0x00007fe37c1b9000 Exception <a 'java/security/PrivilegedActionException'> (0x000000076bb3d098) thrown at [/HUDSON3/workspace/8-2-build-macosx-x86_64/jdk8u25/1514/hotspot/src/share/vm/prims/jvm.cpp, line 1312]
Event: 0.385 Thread 0x00007fe37900a800 Exception <a 'java/lang/reflect/InvocationTargetException'> (0x000000076b6f60e8) thrown at [/HUDSON3/workspace/8-2-build-macosx-x86_64/jdk8u25/1514/hotspot/src/share/vm/runtime/reflection.cpp, line 1080]
Event: 0.392 Thread 0x00007fe37900a800 Exception <a 'java/security/PrivilegedActionException'> (0x000000076b71a3b0) thrown at [/HUDSON3/workspace/8-2-build-macosx-x86_64/jdk8u25/1514/hotspot/src/share/vm/prims/jvm.cpp, line 1312]
Event: 0.392 Thread 0x00007fe37900a800 Exception <a 'java/security/PrivilegedActionException'> (0x000000076b71b930) thrown at [/HUDSON3/workspace/8-2-build-macosx-x86_64/jdk8u25/1514/hotspot/src/share/vm/prims/jvm.cpp, line 1312]
Event: 0.395 Thread 0x00007fe37900a800 Exception <a 'java/security/PrivilegedActionException'> (0x000000076b739a48) thrown at [/HUDSON3/workspace/8-2-build-macosx-x86_64/jdk8u25/1514/hotspot/src/share/vm/prims/jvm.cpp, line 1312]
Event: 0.395 Thread 0x00007fe37900a800 Exception <a 'java/security/PrivilegedActionException'> (0x000000076b73b028) thrown at [/HUDSON3/workspace/8-2-build-macosx-x86_64/jdk8u25/1514/hotspot/src/share/vm/prims/jvm.cpp, line 1312]

Events (10 events):
Event: 0.397 loading class java/util/Formatter$Flags done
Event: 0.397 loading class java/util/Formatter$Conversion
Event: 0.397 loading class java/util/Formatter$Conversion done
Event: 0.397 loading class java/util/Formattable
Event: 0.397 loading class java/util/Formattable done
Event: 0.397 loading class java/util/IdentityHashMap$KeyIterator
Event: 0.397 loading class java/util/IdentityHashMap$IdentityHashMapIterator
Event: 0.397 loading class java/util/IdentityHashMap$IdentityHashMapIterator done
Event: 0.397 loading class java/util/IdentityHashMap$KeyIterator done
Event: 0.397 Executing VM operation: Exit


Dynamic libraries:
0x000000005c7f6000 	/System/Library/Frameworks/Cocoa.framework/Versions/A/Cocoa
0x000000005c7f6000 	/System/Library/Frameworks/Security.framework/Versions/A/Security
0x000000005c7f6000 	/System/Library/Frameworks/ApplicationServices.framework/Versions/A/ApplicationServices
0x000000005c7f6000 	/usr/lib/libz.1.dylib
0x000000005c7f6000 	/usr/lib/libSystem.B.dylib
0x000000005c7f6000 	/usr/lib/libobjc.A.dylib
0x000000005c7f6000 	/System/Library/Frameworks/CoreFoundation.framework/Versions/A/CoreFoundation
0x000000005c7f6000 	/System/Library/Frameworks/Foundation.framework/Versions/C/Foundation
0x000000005c7f6000 	/System/Library/Frameworks/AppKit.framework/Versions/C/AppKit
0x000000005c7f6000 	/System/Library/Frameworks/CoreData.framework/Versions/A/CoreData
0x000000005c7f6000 	/System/Library/PrivateFrameworks/RemoteViewServices.framework/Versions/A/RemoteViewServices
0x000000005c7f6000 	/System/Library/PrivateFrameworks/UIFoundation.framework/Versions/A/UIFoundation
0x000000005c7f6000 	/System/Library/PrivateFrameworks/DFRFoundation.framework/Versions/A/DFRFoundation
0x000000005c7f6000 	/usr/lib/libenergytrace.dylib
0x000000005c7f6000 	/System/Library/PrivateFrameworks/SkyLight.framework/Versions/A/SkyLight
0x000000005c7f6000 	/System/Library/Frameworks/CoreGraphics.framework/Versions/A/CoreGraphics
0x000000005c7f6000 	/usr/lib/libScreenReader.dylib
0x000000005c7f6000 	/System/Library/Frameworks/Accelerate.framework/Versions/A/Accelerate
0x000000005c7f6000 	/System/Library/Frameworks/IOSurface.framework/Versions/A/IOSurface
0x000000005c7f6000 	/System/Library/Frameworks/AudioToolbox.framework/Versions/A/AudioToolbox
0x000000005c7f6000 	/System/Library/Frameworks/AudioUnit.framework/Versions/A/AudioUnit
0x000000005c7f6000 	/System/Library/PrivateFrameworks/DataDetectorsCore.framework/Versions/A/DataDetectorsCore
0x000000005c7f6000 	/System/Library/PrivateFrameworks/DesktopServicesPriv.framework/Versions/A/DesktopServicesPriv
0x000000005c7f6000 	/System/Library/Frameworks/Carbon.framework/Versions/A/Frameworks/HIToolbox.framework/Versions/A/HIToolbox
0x000000005c7f6000 	/usr/lib/libicucore.A.dylib
0x000000005c7f6000 	/System/Library/Frameworks/QuartzCore.framework/Versions/A/QuartzCore
0x000000005c7f6000 	/System/Library/Frameworks/Carbon.framework/Versions/A/Frameworks/SpeechRecognition.framework/Versions/A/SpeechRecognition
0x000000005c7f6000 	/usr/lib/libauto.dylib
0x000000005c7f6000 	/usr/lib/libxml2.2.dylib
0x000000005c7f6000 	/System/Library/PrivateFrameworks/CoreUI.framework/Versions/A/CoreUI
0x000000005c7f6000 	/System/Library/Frameworks/CoreAudio.framework/Versions/A/CoreAudio
0x000000005c7f6000 	/System/Library/Frameworks/DiskArbitration.framework/Versions/A/DiskArbitration
0x000000005c7f6000 	/usr/lib/liblangid.dylib
0x000000005c7f6000 	/System/Library/PrivateFrameworks/MultitouchSupport.framework/Versions/A/MultitouchSupport
0x000000005c7f6000 	/System/Library/Frameworks/IOKit.framework/Versions/A/IOKit
0x000000005c7f6000 	/usr/lib/libDiagnosticMessagesClient.dylib
0x000000005c7f6000 	/System/Library/Frameworks/CoreServices.framework/Versions/A/CoreServices
0x000000005c7f6000 	/System/Library/PrivateFrameworks/PerformanceAnalysis.framework/Versions/A/PerformanceAnalysis
0x000000005c7f6000 	/System/Library/PrivateFrameworks/GenerationalStorage.framework/Versions/A/GenerationalStorage
0x000000005c7f6000 	/System/Library/Frameworks/OpenGL.framework/Versions/A/OpenGL
0x000000005c7f6000 	/System/Library/Frameworks/CoreImage.framework/Versions/A/CoreImage
0x000000005c7f6000 	/System/Library/Frameworks/CoreText.framework/Versions/A/CoreText
0x000000005c7f6000 	/System/Library/Frameworks/ImageIO.framework/Versions/A/ImageIO
0x000000005c7f6000 	/System/Library/PrivateFrameworks/Backup.framework/Versions/A/Backup
0x000000005c7f6000 	/usr/lib/libarchive.2.dylib
0x000000005c7f6000 	/System/Library/Frameworks/CFNetwork.framework/Versions/A/CFNetwork
0x000000005c7f6000 	/System/Library/Frameworks/SystemConfiguration.framework/Versions/A/SystemConfiguration
0x000000005c7f6000 	/usr/lib/libCRFSuite.dylib
0x000000005c7f6000 	/usr/lib/libc++.1.dylib
0x000000005c7f6000 	/usr/lib/libc++abi.dylib
0x000000005c7f6000 	/usr/lib/system/libcache.dylib
0x000000005c7f6000 	/usr/lib/system/libcommonCrypto.dylib
0x000000005c7f6000 	/usr/lib/system/libcompiler_rt.dylib
0x000000005c7f6000 	/usr/lib/system/libcopyfile.dylib
0x000000005c7f6000 	/usr/lib/system/libcorecrypto.dylib
0x000000005c7f6000 	/usr/lib/system/libdispatch.dylib
0x000000005c7f6000 	/usr/lib/system/libdyld.dylib
0x000000005c7f6000 	/usr/lib/system/libkeymgr.dylib
0x000000005c7f6000 	/usr/lib/system/liblaunch.dylib
0x000000005c7f6000 	/usr/lib/system/libmacho.dylib
0x000000005c7f6000 	/usr/lib/system/libquarantine.dylib
0x000000005c7f6000 	/usr/lib/system/libremovefile.dylib
0x000000005c7f6000 	/usr/lib/system/libsystem_asl.dylib
0x000000005c7f6000 	/usr/lib/system/libsystem_blocks.dylib
0x000000005c7f6000 	/usr/lib/system/libsystem_c.dylib
0x000000005c7f6000 	/usr/lib/system/libsystem_configuration.dylib
0x000000005c7f6000 	/usr/lib/system/libsystem_coreservices.dylib
0x000000005c7f6000 	/usr/lib/system/libsystem_coretls.dylib
0x000000005c7f6000 	/usr/lib/system/libsystem_dnssd.dylib
0x000000005c7f6000 	/usr/lib/system/libsystem_info.dylib
0x000000005c7f6000 	/usr/lib/system/libsystem_kernel.dylib
0x000000005c7f6000 	/usr/lib/system/libsystem_m.dylib
0x000000005c7f6000 	/usr/lib/system/libsystem_malloc.dylib
0x000000005c7f6000 	/usr/lib/system/libsystem_network.dylib
0x000000005c7f6000 	/usr/lib/system/libsystem_networkextension.dylib
0x000000005c7f6000 	/usr/lib/system/libsystem_notify.dylib
0x000000005c7f6000 	/usr/lib/system/libsystem_platform.dylib
0x000000005c7f6000 	/usr/lib/system/libsystem_pthread.dylib
0x000000005c7f6000 	/usr/lib/system/libsystem_sandbox.dylib
0x000000005c7f6000 	/usr/lib/system/libsystem_secinit.dylib
0x000000005c7f6000 	/usr/lib/system/libsystem_symptoms.dylib
0x000000005c7f6000 	/usr/lib/system/libsystem_trace.dylib
0x000000005c7f6000 	/usr/lib/system/libunwind.dylib
0x000000005c7f6000 	/usr/lib/system/libxpc.dylib
0x000000005c7f6000 	/usr/lib/libbsm.0.dylib
0x000000005c7f6000 	/usr/lib/system/libkxld.dylib
0x000000005c7f6000 	/usr/lib/libcoretls.dylib
0x000000005c7f6000 	/usr/lib/libcoretls_cfhelpers.dylib
0x000000005c7f6000 	/usr/lib/libOpenScriptingUtil.dylib
0x000000005c7f6000 	/usr/lib/libpam.2.dylib
0x000000005c7f6000 	/usr/lib/libsqlite3.dylib
0x000000005c7f6000 	/usr/lib/libxar.1.dylib
0x000000005c7f6000 	/usr/lib/libbz2.1.0.dylib
0x000000005c7f6000 	/usr/lib/liblzma.5.dylib
0x000000005c7f6000 	/usr/lib/libnetwork.dylib
0x000000005c7f6000 	/usr/lib/libpcap.A.dylib
0x000000005c7f6000 	/System/Library/Frameworks/CoreServices.framework/Versions/A/Frameworks/FSEvents.framework/Versions/A/FSEvents
0x000000005c7f6000 	/System/Library/Frameworks/CoreServices.framework/Versions/A/Frameworks/CarbonCore.framework/Versions/A/CarbonCore
0x000000005c7f6000 	/System/Library/Frameworks/CoreServices.framework/Versions/A/Frameworks/Metadata.framework/Versions/A/Metadata
0x000000005c7f6000 	/System/Library/Frameworks/CoreServices.framework/Versions/A/Frameworks/OSServices.framework/Versions/A/OSServices
0x000000005c7f6000 	/System/Library/Frameworks/CoreServices.framework/Versions/A/Frameworks/SearchKit.framework/Versions/A/SearchKit
0x000000005c7f6000 	/System/Library/Frameworks/CoreServices.framework/Versions/A/Frameworks/AE.framework/Versions/A/AE
0x000000005c7f6000 	/System/Library/Frameworks/CoreServices.framework/Versions/A/Frameworks/LaunchServices.framework/Versions/A/LaunchServices
0x000000005c7f6000 	/System/Library/Frameworks/CoreServices.framework/Versions/A/Frameworks/DictionaryServices.framework/Versions/A/DictionaryServices
0x000000005c7f6000 	/System/Library/Frameworks/CoreServices.framework/Versions/A/Frameworks/SharedFileList.framework/Versions/A/SharedFileList
0x000000005c7f6000 	/System/Library/Frameworks/NetFS.framework/Versions/A/NetFS
0x000000005c7f6000 	/System/Library/PrivateFrameworks/NetAuth.framework/Versions/A/NetAuth
0x000000005c7f6000 	/System/Library/PrivateFrameworks/login.framework/Versions/A/Frameworks/loginsupport.framework/Versions/A/loginsupport
0x000000005c7f6000 	/System/Library/PrivateFrameworks/TCC.framework/Versions/A/TCC
0x000000005c7f6000 	/usr/lib/libmecabra.dylib
0x000000005c7f6000 	/System/Library/Frameworks/ApplicationServices.framework/Versions/A/Frameworks/ATS.framework/Versions/A/ATS
0x000000005c7f6000 	/System/Library/Frameworks/ApplicationServices.framework/Versions/A/Frameworks/ColorSync.framework/Versions/A/ColorSync
0x000000005c7f6000 	/System/Library/Frameworks/ApplicationServices.framework/Versions/A/Frameworks/HIServices.framework/Versions/A/HIServices
0x000000005c7f6000 	/System/Library/Frameworks/ApplicationServices.framework/Versions/A/Frameworks/LangAnalysis.framework/Versions/A/LangAnalysis
0x000000005c7f6000 	/System/Library/Frameworks/ApplicationServices.framework/Versions/A/Frameworks/PrintCore.framework/Versions/A/PrintCore
0x000000005c7f6000 	/System/Library/Frameworks/ApplicationServices.framework/Versions/A/Frameworks/QD.framework/Versions/A/QD
0x000000005c7f6000 	/System/Library/Frameworks/ApplicationServices.framework/Versions/A/Frameworks/SpeechSynthesis.framework/Versions/A/SpeechSynthesis
0x000000005c7f6000 	/System/Library/Frameworks/Accelerate.framework/Versions/A/Frameworks/vImage.framework/Versions/A/vImage
0x000000005c7f6000 	/System/Library/Frameworks/Accelerate.framework/Versions/A/Frameworks/vecLib.framework/Versions/A/vecLib
0x000000005c7f6000 	/System/Library/Frameworks/Accelerate.framework/Versions/A/Frameworks/vecLib.framework/Versions/A/libvDSP.dylib
0x000000005c7f6000 	/System/Library/Frameworks/Accelerate.framework/Versions/A/Frameworks/vecLib.framework/Versions/A/libBNNS.dylib
0x000000005c7f6000 	/System/Library/Frameworks/Accelerate.framework/Versions/A/Frameworks/vecLib.framework/Versions/A/libQuadrature.dylib
0x000000005c7f6000 	/System/Library/Frameworks/Accelerate.framework/Versions/A/Frameworks/vecLib.framework/Versions/A/libvMisc.dylib
0x000000005c7f6000 	/System/Library/Frameworks/Accelerate.framework/Versions/A/Frameworks/vecLib.framework/Versions/A/libLAPACK.dylib
0x000000005c7f6000 	/System/Library/Frameworks/Accelerate.framework/Versions/A/Frameworks/vecLib.framework/Versions/A/libBLAS.dylib
0x000000005c7f6000 	/System/Library/Frameworks/Accelerate.framework/Versions/A/Frameworks/vecLib.framework/Versions/A/libLinearAlgebra.dylib
0x000000005c7f6000 	/System/Library/Frameworks/Accelerate.framework/Versions/A/Frameworks/vecLib.framework/Versions/A/libSparseBLAS.dylib
0x000000005c7f6000 	/System/Library/Frameworks/ApplicationServices.framework/Versions/A/Frameworks/ATS.framework/Versions/A/Resources/libFontParser.dylib
0x000000005c7f6000 	/System/Library/Frameworks/ApplicationServices.framework/Versions/A/Frameworks/ATS.framework/Versions/A/Resources/libFontRegistry.dylib
0x000000005c7f6000 	/System/Library/Frameworks/ImageIO.framework/Versions/A/Resources/libJPEG.dylib
0x000000005c7f6000 	/System/Library/Frameworks/ImageIO.framework/Versions/A/Resources/libTIFF.dylib
0x000000005c7f6000 	/System/Library/Frameworks/ImageIO.framework/Versions/A/Resources/libPng.dylib
0x000000005c7f6000 	/System/Library/Frameworks/ImageIO.framework/Versions/A/Resources/libGIF.dylib
0x000000005c7f6000 	/System/Library/Frameworks/ImageIO.framework/Versions/A/Resources/libJP2.dylib
0x000000005c7f6000 	/System/Library/Frameworks/ImageIO.framework/Versions/A/Resources/libRadiance.dylib
0x000000005c7f6000 	/usr/lib/libcompression.dylib
0x000000005c7f6000 	/System/Library/PrivateFrameworks/AppleJPEG.framework/Versions/A/AppleJPEG
0x000000005c7f6000 	/usr/lib/libcups.2.dylib
0x000000005c7f6000 	/System/Library/Frameworks/Kerberos.framework/Versions/A/Kerberos
0x000000005c7f6000 	/System/Library/Frameworks/GSS.framework/Versions/A/GSS
0x000000005c7f6000 	/usr/lib/libresolv.9.dylib
0x000000005c7f6000 	/usr/lib/libiconv.2.dylib
0x000000005c7f6000 	/System/Library/PrivateFrameworks/Heimdal.framework/Versions/A/Heimdal
0x000000005c7f6000 	/usr/lib/libheimdal-asn1.dylib
0x000000005c7f6000 	/System/Library/Frameworks/OpenDirectory.framework/Versions/A/OpenDirectory
0x000000005c7f6000 	/System/Library/PrivateFrameworks/CommonAuth.framework/Versions/A/CommonAuth
0x000000005c7f6000 	/System/Library/Frameworks/OpenDirectory.framework/Versions/A/Frameworks/CFOpenDirectory.framework/Versions/A/CFOpenDirectory
0x000000005c7f6000 	/System/Library/Frameworks/SecurityFoundation.framework/Versions/A/SecurityFoundation
0x000000005c7f6000 	/System/Library/PrivateFrameworks/LanguageModeling.framework/Versions/A/LanguageModeling
0x000000005c7f6000 	/usr/lib/libmarisa.dylib
0x000000005c7f6000 	/usr/lib/libChineseTokenizer.dylib
0x000000005c7f6000 	/usr/lib/libcmph.dylib
0x000000005c7f6000 	/System/Library/PrivateFrameworks/CoreEmoji.framework/Versions/A/CoreEmoji
0x000000005c7f6000 	/System/Library/Frameworks/ServiceManagement.framework/Versions/A/ServiceManagement
0x000000005c7f6000 	/usr/lib/libxslt.1.dylib
0x000000005c7f6000 	/System/Library/Frameworks/Carbon.framework/Versions/A/Frameworks/Ink.framework/Versions/A/Ink
0x000000005c7f6000 	/System/Library/PrivateFrameworks/TextureIO.framework/Versions/A/TextureIO
0x000000005c7f6000 	/System/Library/Frameworks/Metal.framework/Versions/A/Metal
0x000000005c7f6000 	/usr/lib/libate.dylib
0x000000005c7f6000 	/System/Library/PrivateFrameworks/GPUCompiler.framework/libmetal_timestamp.dylib
0x000000005c7f6000 	/System/Library/Frameworks/OpenGL.framework/Versions/A/Libraries/libCoreFSCache.dylib
0x000000005c7f6000 	/System/Library/PrivateFrameworks/IOAccelerator.framework/Versions/A/IOAccelerator
0x000000005c7f6000 	/System/Library/Frameworks/CoreVideo.framework/Versions/A/CoreVideo
0x000000005c7f6000 	/usr/lib/libFosl_dynamic.dylib
0x000000005c7f6000 	/System/Library/PrivateFrameworks/MetalPerformanceShaders.framework/Versions/A/MetalPerformanceShaders
0x000000005c7f6000 	/System/Library/PrivateFrameworks/FaceCore.framework/Versions/A/FaceCore
0x000000005c7f6000 	/System/Library/Frameworks/OpenCL.framework/Versions/A/OpenCL
0x000000005c7f6000 	/System/Library/Frameworks/OpenGL.framework/Versions/A/Libraries/libGLU.dylib
0x000000005c7f6000 	/System/Library/Frameworks/OpenGL.framework/Versions/A/Libraries/libGFXShared.dylib
0x000000005c7f6000 	/System/Library/Frameworks/OpenGL.framework/Versions/A/Libraries/libGL.dylib
0x000000005c7f6000 	/System/Library/Frameworks/OpenGL.framework/Versions/A/Libraries/libGLImage.dylib
0x000000005c7f6000 	/System/Library/Frameworks/OpenGL.framework/Versions/A/Libraries/libCVMSPluginSupport.dylib
0x000000005c7f6000 	/System/Library/Frameworks/OpenGL.framework/Versions/A/Libraries/libCoreVMClient.dylib
0x000000005c7f6000 	/System/Library/PrivateFrameworks/CrashReporterSupport.framework/Versions/A/CrashReporterSupport
0x000000005c7f6000 	/System/Library/PrivateFrameworks/Sharing.framework/Versions/A/Sharing
0x000000005c7f6000 	/System/Library/PrivateFrameworks/IconServices.framework/Versions/A/IconServices
0x000000005c7f6000 	/System/Library/PrivateFrameworks/ProtocolBuffer.framework/Versions/A/ProtocolBuffer
0x000000005c7f6000 	/System/Library/PrivateFrameworks/Apple80211.framework/Versions/A/Apple80211
0x000000005c7f6000 	/System/Library/Frameworks/CoreWLAN.framework/Versions/A/CoreWLAN
0x000000005c7f6000 	/System/Library/PrivateFrameworks/CoreUtils.framework/Versions/A/CoreUtils
0x000000005c7f6000 	/System/Library/Frameworks/IOBluetooth.framework/Versions/A/IOBluetooth
0x000000005c7f6000 	/System/Library/PrivateFrameworks/CoreWiFi.framework/Versions/A/CoreWiFi
0x000000005c7f6000 	/System/Library/Frameworks/CoreBluetooth.framework/Versions/A/CoreBluetooth
0x000000005c7f6000 	/System/Library/Frameworks/CoreDisplay.framework/Versions/A/CoreDisplay
0x000000005c7f6000 	/System/Library/PrivateFrameworks/IOPresentment.framework/Versions/A/IOPresentment
0x000000005c7f6000 	/System/Library/PrivateFrameworks/DSExternalDisplay.framework/Versions/A/DSExternalDisplay
0x000000005c7f6000 	/System/Library/PrivateFrameworks/DebugSymbols.framework/Versions/A/DebugSymbols
0x000000005c7f6000 	/System/Library/PrivateFrameworks/CoreSymbolication.framework/Versions/A/CoreSymbolication
0x000000005c7f6000 	/System/Library/PrivateFrameworks/Symbolication.framework/Versions/A/Symbolication
0x000000005c7f6000 	/System/Library/PrivateFrameworks/AppleFSCompression.framework/Versions/A/AppleFSCompression
0x000000005c7f6000 	/System/Library/PrivateFrameworks/SpeechRecognitionCore.framework/Versions/A/SpeechRecognitionCore
0x000000005c7f6000 	/System/Library/PrivateFrameworks/ChunkingLibrary.framework/Versions/A/ChunkingLibrary
0x0000000105c00000 	/Library/Java/JavaVirtualMachines/jdk1.8.0_25.jdk/Contents/Home/jre/lib/server/libjvm.dylib
0x000000005c7f6000 	/usr/lib/libstdc++.6.dylib
0x0000000104bb0000 	/Library/Java/JavaVirtualMachines/jdk1.8.0_25.jdk/Contents/Home/jre/lib/libverify.dylib
0x0000000104bbe000 	/Library/Java/JavaVirtualMachines/jdk1.8.0_25.jdk/Contents/Home/jre/lib/libjava.dylib
0x0000000106b1c000 	/Library/Java/JavaVirtualMachines/jdk1.8.0_25.jdk/Contents/Home/jre/lib/libzip.dylib
0x0000000121c66000 	/System/Library/Frameworks/JavaVM.framework/Frameworks/JavaRuntimeSupport.framework/JavaRuntimeSupport
0x0000000121c80000 	/System/Library/Frameworks/JavaVM.framework/Versions/A/Frameworks/JavaNativeFoundation.framework/Versions/A/JavaNativeFoundation
0x0000000121c95000 	/System/Library/Frameworks/JavaVM.framework/Versions/A/JavaVM
0x000000005c7f6000 	/System/Library/Frameworks/Carbon.framework/Versions/A/Carbon
0x0000000121ca2000 	/System/Library/PrivateFrameworks/JavaLaunching.framework/Versions/A/JavaLaunching
0x000000005c7f6000 	/System/Library/Frameworks/Carbon.framework/Versions/A/Frameworks/CommonPanels.framework/Versions/A/CommonPanels
0x000000005c7f6000 	/System/Library/Frameworks/Carbon.framework/Versions/A/Frameworks/Help.framework/Versions/A/Help
0x000000005c7f6000 	/System/Library/Frameworks/Carbon.framework/Versions/A/Frameworks/ImageCapture.framework/Versions/A/ImageCapture
0x000000005c7f6000 	/System/Library/Frameworks/Carbon.framework/Versions/A/Frameworks/OpenScripting.framework/Versions/A/OpenScripting
0x000000005c7f6000 	/System/Library/Frameworks/Carbon.framework/Versions/A/Frameworks/Print.framework/Versions/A/Print
0x000000005c7f6000 	/System/Library/Frameworks/Carbon.framework/Versions/A/Frameworks/SecurityHI.framework/Versions/A/SecurityHI
0x0000000123637000 	/Library/Java/JavaVirtualMachines/jdk1.8.0_25.jdk/Contents/Home/jre/lib/libprism_es2.dylib
0x000000012369b000 	/System/Library/Frameworks/OpenGL.framework/Resources/GLEngine.bundle/GLEngine
0x000000005c7f6000 	/System/Library/Frameworks/OpenGL.framework/Versions/A/Libraries/libGLProgrammability.dylib
0x0000000123880000 	/System/Library/Extensions/AppleIntelHD5000GraphicsGLDriver.bundle/Contents/MacOS/AppleIntelHD5000GraphicsGLDriver
0x000000005c7f6000 	/System/Library/PrivateFrameworks/GPUSupport.framework/Versions/A/Libraries/libGPUSupportMercury.dylib
0x000000005c7f6000 	/System/Library/Extensions/GeForceGLDriver.bundle/Contents/MacOS/GeForceGLDriver
0x000000005c7f6000 	/System/Library/Extensions/GeForceGLDriver.bundle/Contents/MacOS/libclh.dylib
0x0000000123ff7000 	/System/Library/Frameworks/OpenGL.framework/Resources//GLRendererFloat.bundle/GLRendererFloat
0x000000005c7f6000 	/System/Library/Frameworks/OpenCL.framework/Versions/A/Libraries/libcldcpuengine.dylib
0x000000005c7f6000 	/usr/lib/libcrypto.0.9.8.dylib
0x000000005c7f6000 	/System/Library/PrivateFrameworks/TrustEvaluationAgent.framework/Versions/A/TrustEvaluationAgent
0x0000000124293000 	/Library/Java/JavaVirtualMachines/jdk1.8.0_25.jdk/Contents/Home/jre/lib/libglass.dylib
0x000000005c7f6000 	/System/Library/PrivateFrameworks/CoreServicesInternal.framework/Versions/A/CoreServicesInternal
0x000000005c7f6000 	/System/Library/CoreServices/RawCamera.bundle/Contents/MacOS/RawCamera
0x000000005c7f6000 	/System/Library/Frameworks/Accelerate.framework/Versions/A/Frameworks/vImage.framework/Versions/A/Libraries/libCGInterfaces.dylib
0x000000005c7f6000 	/System/Library/PrivateFrameworks/FamilyControls.framework/Versions/A/FamilyControls
0x000000005c7f6000 	/System/Library/PrivateFrameworks/CommerceKit.framework/Versions/A/Frameworks/CommerceCore.framework/Versions/A/CommerceCore
0x000000005c7f6000 	/System/Library/PrivateFrameworks/SystemAdministration.framework/Versions/A/SystemAdministration
0x000000005c7f6000 	/System/Library/PrivateFrameworks/AppContainer.framework/Versions/A/AppContainer
0x000000005c7f6000 	/System/Library/PrivateFrameworks/SecCodeWrapper.framework/Versions/A/SecCodeWrapper
0x000000005c7f6000 	/System/Library/Frameworks/DirectoryService.framework/Versions/A/DirectoryService
0x000000005c7f6000 	/System/Library/PrivateFrameworks/DiskImages.framework/Versions/A/DiskImages
0x000000005c7f6000 	/System/Library/PrivateFrameworks/LoginUIKit.framework/Versions/A/Frameworks/LoginUICore.framework/Versions/A/LoginUICore
0x000000005c7f6000 	/usr/lib/libCoreStorage.dylib
0x000000005c7f6000 	/usr/lib/libcsfde.dylib
0x000000005c7f6000 	/usr/lib/libodfde.dylib
0x000000005c7f6000 	/System/Library/Frameworks/DiscRecording.framework/Versions/A/DiscRecording
0x000000005c7f6000 	/usr/lib/libcurl.4.dylib
0x000000005c7f6000 	/System/Library/PrivateFrameworks/MediaKit.framework/Versions/A/MediaKit
0x000000005c7f6000 	/System/Library/PrivateFrameworks/ProtectedCloudStorage.framework/Versions/A/ProtectedCloudStorage
0x000000005c7f6000 	/System/Library/PrivateFrameworks/EFILogin.framework/Versions/A/EFILogin
0x000000005c7f6000 	/usr/lib/libutil.dylib
0x000000005c7f6000 	/System/Library/Frameworks/LDAP.framework/Versions/A/LDAP
0x000000005c7f6000 	/usr/lib/libsasl2.2.dylib
0x000000005c7f6000 	/System/Library/PrivateFrameworks/CoreDaemon.framework/Versions/B/CoreDaemon
0x000000005c7f6000 	/System/Library/PrivateFrameworks/AppleSRP.framework/Versions/A/AppleSRP
0x000000005c7f6000 	/System/Library/PrivateFrameworks/APFS.framework/Versions/A/APFS

VM Arguments:
jvm_args: -Dfile.encoding=UTF-8 
java_command: application.Main
java_class_path (initial): /Users/aminuniversita/Desktop/Progetto/MonopolyFX/bin:/Applications/Eclipse.app/Contents/Eclipse/plugins/org.eclipse.fx.ide.css.jfx8_2.4.0.201605112122.jar
Launcher Type: SUN_STANDARD

Environment Variables:
PATH=/usr/bin:/bin:/usr/sbin:/sbin
SHELL=/bin/bash

Signal Handlers:
SIGSEGV: [libjvm.dylib+0x579dc7], sa_mask[0]=11111111011111110111111111111111, sa_flags=SA_ONSTACK|SA_RESTART|SA_SIGINFO
SIGBUS: [libjvm.dylib+0x579dc7], sa_mask[0]=11111111011111110111111111111111, sa_flags=SA_RESTART|SA_SIGINFO
SIGFPE: [libjvm.dylib+0x45b030], sa_mask[0]=11111111011111110111111111111111, sa_flags=SA_RESTART|SA_SIGINFO
SIGPIPE: [libjvm.dylib+0x45b030], sa_mask[0]=11111111011111110111111111111111, sa_flags=SA_RESTART|SA_SIGINFO
SIGXFSZ: [libjvm.dylib+0x45b030], sa_mask[0]=11111111011111110111111111111111, sa_flags=SA_RESTART|SA_SIGINFO
SIGILL: [libjvm.dylib+0x45b030], sa_mask[0]=11111111011111110111111111111111, sa_flags=SA_RESTART|SA_SIGINFO
SIGUSR1: SIG_DFL, sa_mask[0]=00000000000000000000000000000000, sa_flags=none
SIGUSR2: [libjvm.dylib+0x45ab4e], sa_mask[0]=00100000000000000000000000000000, sa_flags=SA_RESTART|SA_SIGINFO
SIGHUP: [libjvm.dylib+0x459121], sa_mask[0]=11111111011111110111111111111111, sa_flags=SA_RESTART|SA_SIGINFO
SIGINT: [libjvm.dylib+0x459121], sa_mask[0]=11111111011111110111111111111111, sa_flags=SA_RESTART|SA_SIGINFO
SIGTERM: [libjvm.dylib+0x459121], sa_mask[0]=11111111011111110111111111111111, sa_flags=SA_RESTART|SA_SIGINFO
SIGQUIT: [libjvm.dylib+0x459121], sa_mask[0]=11111111011111110111111111111111, sa_flags=SA_RESTART|SA_SIGINFO


---------------  S Y S T E M  ---------------

OS:Bsduname:Darwin 16.5.0 Darwin Kernel Version 16.5.0: Fri Mar  3 16:52:33 PST 2017; root:xnu-3789.51.2~3/RELEASE_X86_64 x86_64
rlimit: STACK 8192k, CORE 0k, NPROC 709, NOFILE 10240, AS infinity
load average:1.54 1.53 1.50

CPU:total 8 (4 cores per cpu, 2 threads per core) family 6 model 70 stepping 1, cmov, cx8, fxsr, mmx, sse, sse2, sse3, ssse3, sse4.1, sse4.2, popcnt, avx, avx2, aes, clmul, erms, rtm, lzcnt, ht, tsc, tscinvbit, bmi1, bmi2

Memory: 4k page, physical 16777216k(2659612k free)

/proc/meminfo:


vm_info: Java HotSpot(TM) 64-Bit Server VM (25.25-b02) for bsd-amd64 JRE (1.8.0_25-b17), built on Sep 17 2014 16:56:50 by "java_re" with gcc 4.2.1 (Based on Apple Inc. build 5658) (LLVM build 2336.11.00)

time: Thu Apr 27 19:23:12 2017
elapsed time: 0 seconds (0d 0h 0m 0s)

