#
# A fatal error has been detected by the Java Runtime Environment:
#
#  SIGSEGV (0xb) at pc=0x000000012418d3fd, pid=1114, tid=775
#
# JRE version: Java(TM) SE Runtime Environment (8.0_25-b17) (build 1.8.0_25-b17)
# Java VM: Java HotSpot(TM) 64-Bit Server VM (25.25-b02 mixed mode bsd-amd64 compressed oops)
# Problematic frame:
# C  [libglass.dylib+0x163fd]  GlassScreenDidChangeScreenParameters+0x9d
#
# Failed to write core dump. Core dumps have been disabled. To enable core dumping, try "ulimit -c unlimited" before starting Java again
#
# If you would like to submit a bug report, please visit:
#   http://bugreport.sun.com/bugreport/crash.jsp
#

---------------  T H R E A D  ---------------

Current thread is native thread

siginfo: si_signo: 11 (SIGSEGV), si_code: 1 (SEGV_MAPERR), si_addr: 0x0000000000000000

Registers:
RAX=0x00000001241bfe40, RBX=0x0000000000000000, RCX=0x0000000000000103, RDX=0x00007fd883403c50
RSP=0x00007fff5b1e4ac0, RBP=0x00007fff5b1e4ad0, RSI=0x00007fd885000478, RDI=0x0000000000000000
R8 =0x0000000000000040, R9 =0x00007fff9f68b040, R10=0xffffffffffffffff, R11=0x0000000000012068
R12=0x0000000000000000, R13=0x00007fd88504ab10, R14=0x00007fd8835b00d0, R15=0x0000000000000000
RIP=0x000000012418d3fd, EFLAGS=0x0000000000010206, ERR=0x0000000000000004
  TRAPNO=0x000000000000000e

Top of Stack: (sp=0x00007fff5b1e4ac0)
0x00007fff5b1e4ac0:   00007fd88504ab50 00007fd8835b00d0
0x00007fff5b1e4ad0:   00007fff5b1e4ae0 00007fff8104850c
0x00007fff5b1e4ae0:   00007fff5b1e4b50 00007fff8104840b
0x00007fff5b1e4af0:   0000000104a33000 00007fff9f686060
0x00007fff5b1e4b00:   00000000c2000000 00007fff81048460
0x00007fff5b1e4b10:   00007fff9bf06680 00007fd88504ab10
0x00007fff5b1e4b20:   00007fd8835b00d0 00007fff5b1e5318
0x00007fff5b1e4b30:   00007fff95ea2040 00007fff5b1e4c20
0x00007fff5b1e4b40:   00007fd88504ab10 00007fff7f74d078
0x00007fff5b1e4b50:   00007fff5b1e4b90 00007fff81048172
0x00007fff5b1e4b60:   00007fff5b1e5160 0000000000000000
0x00007fff5b1e4b70:   00007fff95ea2040 00007fff5b1e4c20
0x00007fff5b1e4b80:   00007fff5b1e5318 00007fff7f74d078
0x00007fff5b1e4b90:   00007fff5b1e52b0 00007fff810055a3
0x00007fff5b1e4ba0:   00007fff5b1e4bc0 00007fff80fc78f0
0x00007fff5b1e4bb0:   00007fd883700860 00007fff5b1e5200
0x00007fff5b1e4bc0:   00007fd883425bd0 00007fff9bf07cb0
0x00007fff5b1e4bd0:   0000000000000000 00007fd88494a048
0x00007fff5b1e4be0:   00007fd883425b01 00007fd88343e100
0x00007fff5b1e4bf0:   00007fff9c03a0e0 0000000000000000
0x00007fff5b1e4c00:   00007fd88504ac00 0000000000000000
0x00007fff5b1e4c10:   0000000000000000 00007fff9bf46900
0x00007fff5b1e4c20:   00007fff5b1e5160 0000000000000001
0x00007fff5b1e4c30:   0000000000000100 00007fff5b1e4c00
0x00007fff5b1e4c40:   00007fff5b1e5060 0000000000000000
0x00007fff5b1e4c50:   0000000000000100 00007fff9bf47e00
0x00007fff5b1e4c60:   00007fff5b1e5200 0000000000000001
0x00007fff5b1e4c70:   00007fff5b1e4cb0 00007fff8100024c
0x00007fff5b1e4c80:   000000000000000d 00007fd883700860
0x00007fff5b1e4c90:   00007fd883700860 00007fff9bf47e80
0x00007fff5b1e4ca0:   00007fd88340dde0 0000000000000001
0x00007fff5b1e4cb0:   00007fff5b1e5330 00007fff80fffd69 

Instructions: (pc=0x000000012418d3fd)
0x000000012418d3dd:   89 df 4c 89 f1 41 ff 90 68 04 00 00 48 8d 05 58
0x000000012418d3ed:   29 03 00 48 8b 30 48 8d 05 46 2a 03 00 48 8b 10
0x000000012418d3fd:   48 8b 0b 30 c0 48 89 df ff 91 68 04 00 00 48 8b
0x000000012418d40d:   03 48 89 df ff 50 78 48 85 c0 74 36 49 89 c6 48 

Register to memory mapping:

RAX=0x00000001241bfe40: jScreenNotifySettingsChanged+0 in /Library/Java/JavaVirtualMachines/jdk1.8.0_25.jdk/Contents/Home/jre/lib/libglass.dylib at 0x0000000124177000
RBX=0x0000000000000000 is an unknown value
RCX=0x0000000000000103 is an unknown value
RDX=0x00007fd883403c50 is an unknown value
RSP=0x00007fff5b1e4ac0 is an unknown value
RBP=0x00007fff5b1e4ad0 is an unknown value
RSI=0x00007fd885000478 is a global jni handle
RDI=0x0000000000000000 is an unknown value
R8 =0x0000000000000040 is an unknown value
R9 =0x00007fff9f68b040: __sFX+0x1c0 in /usr/lib/system/libsystem_c.dylib at 0x00007fff967ca000
R10=0xffffffffffffffff is an unknown value
R11=0x0000000000012068 is an unknown value
R12=0x0000000000000000 is an unknown value
R13=0x00007fd88504ab10 is an unknown value
R14=0x00007fd8835b00d0 is an unknown value
R15=0x0000000000000000 is an unknown value


Stack: [0x00007fff5a9e8000,0x00007fff5b1e8000],  sp=0x00007fff5b1e4ac0,  free space=8178k
Native frames: (J=compiled Java code, j=interpreted, Vv=VM code, C=native code)
C  [libglass.dylib+0x163fd]  GlassScreenDidChangeScreenParameters+0x9d
C  [CoreFoundation+0x9d50c]  __CFNOTIFICATIONCENTER_IS_CALLING_OUT_TO_AN_OBSERVER__+0xc
C  [CoreFoundation+0x9d40b]  _CFXRegistrationPost+0x1ab
C  [CoreFoundation+0x9d172]  ___CFXNotificationPost_block_invoke+0x32
C  [CoreFoundation+0x5a5a3]  -[_CFXNotificationRegistrar find:object:observer:enumerator:]+0x723
C  [CoreFoundation+0x595dc]  _CFXNotificationPost+0x25c
C  [Foundation+0x6997]  -[NSNotificationCenter postNotificationName:object:userInfo:]+0x42
C  [AppKit+0x3f0e8a]  -[NSApplication _reactToScreenInvalidationImmediately:]+0x18f
C  [AppKit+0x3f0cc7]  __44-[NSApplication _reactToScreenInvalidation:]_block_invoke+0x3b
C  [CoreFoundation+0xa721c]  __CFRUNLOOP_IS_CALLING_OUT_TO_A_BLOCK__+0xc
C  [CoreFoundation+0x88034]  __CFRunLoopDoBlocks+0x164
C  [CoreFoundation+0x87b76]  __CFRunLoopRun+0x756
C  [CoreFoundation+0x871c4]  CFRunLoopRunSpecific+0x1a4
C  [java+0x56cc]  CreateExecutionEnvironment+0x367
C  [java+0x165c]  JLI_Launch+0x7a0
C  [java+0x768a]  main+0x65
C  [java+0xeb4]  start+0x34


---------------  P R O C E S S  ---------------

VM state:at safepoint (normal execution)

VM Mutex/Monitor currently owned by a thread:  ([mutex/lock_event])
[0x00007fd883603520] Threads_lock - owner thread: 0x00007fd885803800
[0x00007fd883603a20] Heap_lock - owner thread: 0x00007fd88586f800

Heap:
 PSYoungGen      total 76288K, used 59090K [0x000000076ab00000, 0x0000000770000000, 0x00000007c0000000)
  eden space 65536K, 73% used [0x000000076ab00000,0x000000076da3c588,0x000000076eb00000)
  from space 10752K, 99% used [0x000000076f580000,0x000000076fff8650,0x0000000770000000)
  to   space 10752K, 0% used [0x000000076eb00000,0x000000076eb00000,0x000000076f580000)
 ParOldGen       total 148480K, used 58047K [0x00000006c0000000, 0x00000006c9100000, 0x000000076ab00000)
  object space 148480K, 39% used [0x00000006c0000000,0x00000006c38afdf8,0x00000006c9100000)
 Metaspace       used 20547K, capacity 21438K, committed 21760K, reserved 1069056K
  class space    used 2779K, capacity 2969K, committed 3072K, reserved 1048576K

Card table byte_map: [0x0000000115fc0000,0x00000001167c1000] byte_map_base: 0x00000001129c0000

Marking Bits: (ParMarkBitMap*) 0x0000000105331390
 Begin Bits: [0x0000000116d17000, 0x000000011ad17000)
 End Bits:   [0x000000011ad17000, 0x000000011ed17000)

Polling page: 0x00000001059f2000

CodeCache: size=245760Kb used=15490Kb max_used=15490Kb free=230269Kb
 bounds [0x0000000106c00000, 0x0000000107b40000, 0x0000000115c00000]
 total_blobs=5334 nmethods=4680 adapters=567
 compilation: enabled

Compilation events (10 events):
Event: 184.498 Thread 0x00007fd883837800 5304       3       javafx.scene.layout.Region::computeChildMinAreaHeight (233 bytes)
Event: 184.500 Thread 0x00007fd883837800 nmethod 5304 0x0000000107b2ce90 code [0x0000000107b2d2e0, 0x0000000107b2f128]
Event: 379.596 Thread 0x00007fd883837800 5305       3       javafx.scene.Node$FocusedProperty::markInvalid (76 bytes)
Event: 379.598 Thread 0x00007fd883837800 nmethod 5305 0x0000000107b31790 code [0x0000000107b31a00, 0x0000000107b32a68]
Event: 382.148 Thread 0x00007fd883837800 5306       1       javafx.scene.CssStyleHelper$CacheContainer::access$100 (5 bytes)
Event: 382.148 Thread 0x00007fd883837800 nmethod 5306 0x0000000107b2cbd0 code [0x0000000107b2cd20, 0x0000000107b2ce10]
Event: 382.409 Thread 0x00007fd883837800 5307       3       java.lang.invoke.LambdaForm::signatureType (47 bytes)
Event: 382.410 Thread 0x00007fd883837800 nmethod 5307 0x0000000107b330d0 code [0x0000000107b33320, 0x0000000107b34048]
Event: 382.424 Thread 0x00007fd883837800 5308       3       sun.invoke.util.ValueConversions::identity (2 bytes)
Event: 382.424 Thread 0x00007fd883837800 nmethod 5308 0x00000001072a6790 code [0x00000001072a68e0, 0x00000001072a6a10]

GC Heap History (10 events):
Event: 40.152 GC heap before
{Heap before GC invocations=1 (full 0):
 PSYoungGen      total 76288K, used 65536K [0x000000076ab00000, 0x0000000770000000, 0x00000007c0000000)
  eden space 65536K, 100% used [0x000000076ab00000,0x000000076eb00000,0x000000076eb00000)
  from space 10752K, 0% used [0x000000076f580000,0x000000076f580000,0x0000000770000000)
  to   space 10752K, 0% used [0x000000076eb00000,0x000000076eb00000,0x000000076f580000)
 ParOldGen       total 175104K, used 0K [0x00000006c0000000, 0x00000006cab00000, 0x000000076ab00000)
  object space 175104K, 0% used [0x00000006c0000000,0x00000006c0000000,0x00000006cab00000)
 Metaspace       used 18848K, capacity 19650K, committed 19840K, reserved 1067008K
  class space    used 2682K, capacity 2875K, committed 2944K, reserved 1048576K
Event: 40.161 GC heap after
Heap after GC invocations=1 (full 0):
 PSYoungGen      total 76288K, used 10727K [0x000000076ab00000, 0x0000000770000000, 0x00000007c0000000)
  eden space 65536K, 0% used [0x000000076ab00000,0x000000076ab00000,0x000000076eb00000)
  from space 10752K, 99% used [0x000000076eb00000,0x000000076f579c10,0x000000076f580000)
  to   space 10752K, 0% used [0x000000076f580000,0x000000076f580000,0x0000000770000000)
 ParOldGen       total 175104K, used 6093K [0x00000006c0000000, 0x00000006cab00000, 0x000000076ab00000)
  object space 175104K, 3% used [0x00000006c0000000,0x00000006c05f37c8,0x00000006cab00000)
 Metaspace       used 18848K, capacity 19650K, committed 19840K, reserved 1067008K
  class space    used 2682K, capacity 2875K, committed 2944K, reserved 1048576K
}
Event: 127.321 GC heap before
{Heap before GC invocations=2 (full 0):
 PSYoungGen      total 76288K, used 76263K [0x000000076ab00000, 0x0000000770000000, 0x00000007c0000000)
  eden space 65536K, 100% used [0x000000076ab00000,0x000000076eb00000,0x000000076eb00000)
  from space 10752K, 99% used [0x000000076eb00000,0x000000076f579c10,0x000000076f580000)
  to   space 10752K, 0% used [0x000000076f580000,0x000000076f580000,0x0000000770000000)
 ParOldGen       total 175104K, used 6093K [0x00000006c0000000, 0x00000006cab00000, 0x000000076ab00000)
  object space 175104K, 3% used [0x00000006c0000000,0x00000006c05f37c8,0x00000006cab00000)
 Metaspace       used 20051K, capacity 20850K, committed 20992K, reserved 1067008K
  class space    used 2770K, capacity 2957K, committed 3072K, reserved 1048576K
Event: 127.343 GC heap after
Heap after GC invocations=2 (full 0):
 PSYoungGen      total 76288K, used 10737K [0x000000076ab00000, 0x0000000770000000, 0x00000007c0000000)
  eden space 65536K, 0% used [0x000000076ab00000,0x000000076ab00000,0x000000076eb00000)
  from space 10752K, 99% used [0x000000076f580000,0x000000076fffc548,0x0000000770000000)
  to   space 10752K, 0% used [0x000000076eb00000,0x000000076eb00000,0x000000076f580000)
 ParOldGen       total 175104K, used 40123K [0x00000006c0000000, 0x00000006cab00000, 0x000000076ab00000)
  object space 175104K, 22% used [0x00000006c0000000,0x00000006c272efd0,0x00000006cab00000)
 Metaspace       used 20051K, capacity 20850K, committed 20992K, reserved 1067008K
  class space    used 2770K, capacity 2957K, committed 3072K, reserved 1048576K
}
Event: 169.989 GC heap before
{Heap before GC invocations=3 (full 0):
 PSYoungGen      total 76288K, used 74189K [0x000000076ab00000, 0x0000000770000000, 0x00000007c0000000)
  eden space 65536K, 96% used [0x000000076ab00000,0x000000076e8f7260,0x000000076eb00000)
  from space 10752K, 99% used [0x000000076f580000,0x000000076fffc548,0x0000000770000000)
  to   space 10752K, 0% used [0x000000076eb00000,0x000000076eb00000,0x000000076f580000)
 ParOldGen       total 175104K, used 40123K [0x00000006c0000000, 0x00000006cab00000, 0x000000076ab00000)
  object space 175104K, 22% used [0x00000006c0000000,0x00000006c272efd0,0x00000006cab00000)
 Metaspace       used 20326K, capacity 21126K, committed 21248K, reserved 1067008K
  class space    used 2774K, capacity 2961K, committed 3072K, reserved 1048576K
Event: 170.012 GC heap after
Heap after GC invocations=3 (full 0):
 PSYoungGen      total 76288K, used 10722K [0x000000076ab00000, 0x0000000770000000, 0x00000007c0000000)
  eden space 65536K, 0% used [0x000000076ab00000,0x000000076ab00000,0x000000076eb00000)
  from space 10752K, 99% used [0x000000076eb00000,0x000000076f578aa0,0x000000076f580000)
  to   space 10752K, 0% used [0x000000076f580000,0x000000076f580000,0x0000000770000000)
 ParOldGen       total 175104K, used 80172K [0x00000006c0000000, 0x00000006cab00000, 0x000000076ab00000)
  object space 175104K, 45% used [0x00000006c0000000,0x00000006c4e4b220,0x00000006cab00000)
 Metaspace       used 20326K, capacity 21126K, committed 21248K, reserved 1067008K
  class space    used 2774K, capacity 2961K, committed 3072K, reserved 1048576K
}
Event: 170.012 GC heap before
{Heap before GC invocations=4 (full 1):
 PSYoungGen      total 76288K, used 10722K [0x000000076ab00000, 0x0000000770000000, 0x00000007c0000000)
  eden space 65536K, 0% used [0x000000076ab00000,0x000000076ab00000,0x000000076eb00000)
  from space 10752K, 99% used [0x000000076eb00000,0x000000076f578aa0,0x000000076f580000)
  to   space 10752K, 0% used [0x000000076f580000,0x000000076f580000,0x0000000770000000)
 ParOldGen       total 175104K, used 80172K [0x00000006c0000000, 0x00000006cab00000, 0x000000076ab00000)
  object space 175104K, 45% used [0x00000006c0000000,0x00000006c4e4b220,0x00000006cab00000)
 Metaspace       used 20326K, capacity 21126K, committed 21248K, reserved 1067008K
  class space    used 2774K, capacity 2961K, committed 3072K, reserved 1048576K
Event: 170.059 GC heap after
Heap after GC invocations=4 (full 1):
 PSYoungGen      total 76288K, used 0K [0x000000076ab00000, 0x0000000770000000, 0x00000007c0000000)
  eden space 65536K, 0% used [0x000000076ab00000,0x000000076ab00000,0x000000076eb00000)
  from space 10752K, 0% used [0x000000076eb00000,0x000000076eb00000,0x000000076f580000)
  to   space 10752K, 0% used [0x000000076f580000,0x000000076f580000,0x0000000770000000)
 ParOldGen       total 148480K, used 28923K [0x00000006c0000000, 0x00000006c9100000, 0x000000076ab00000)
  object space 148480K, 19% used [0x00000006c0000000,0x00000006c1c3ef60,0x00000006c9100000)
 Metaspace       used 20325K, capacity 21124K, committed 21248K, reserved 1067008K
  class space    used 2773K, capacity 2960K, committed 3072K, reserved 1048576K
}
Event: 180.092 GC heap before
{Heap before GC invocations=5 (full 1):
 PSYoungGen      total 76288K, used 65066K [0x000000076ab00000, 0x0000000770000000, 0x00000007c0000000)
  eden space 65536K, 99% used [0x000000076ab00000,0x000000076ea8a9e0,0x000000076eb00000)
  from space 10752K, 0% used [0x000000076eb00000,0x000000076eb00000,0x000000076f580000)
  to   space 10752K, 0% used [0x000000076f580000,0x000000076f580000,0x0000000770000000)
 ParOldGen       total 148480K, used 28923K [0x00000006c0000000, 0x00000006c9100000, 0x000000076ab00000)
  object space 148480K, 19% used [0x00000006c0000000,0x00000006c1c3ef60,0x00000006c9100000)
 Metaspace       used 20471K, capacity 21342K, committed 21504K, reserved 1067008K
  class space    used 2774K, capacity 2963K, committed 3072K, reserved 1048576K
Event: 180.096 GC heap after
Heap after GC invocations=5 (full 1):
 PSYoungGen      total 76288K, used 10721K [0x000000076ab00000, 0x0000000770000000, 0x00000007c0000000)
  eden space 65536K, 0% used [0x000000076ab00000,0x000000076ab00000,0x000000076eb00000)
  from space 10752K, 99% used [0x000000076f580000,0x000000076fff8650,0x0000000770000000)
  to   space 10752K, 0% used [0x000000076eb00000,0x000000076eb00000,0x000000076f580000)
 ParOldGen       total 148480K, used 58047K [0x00000006c0000000, 0x00000006c9100000, 0x000000076ab00000)
  object space 148480K, 39% used [0x00000006c0000000,0x00000006c38afdf8,0x00000006c9100000)
 Metaspace       used 20471K, capacity 21342K, committed 21504K, reserved 1067008K
  class space    used 2774K, capacity 2963K, committed 3072K, reserved 1048576K
}

Deoptimization events (10 events):
Event: 127.403 Thread 0x00007fd88586f800 Uncommon trap: reason=unreached action=reinterpret pc=0x00000001073f8dc4 method=com.sun.prism.impl.ManagedResource._isgone(Lcom/sun/prism/impl/ManagedResource;)Z @ 1
Event: 127.403 Thread 0x00007fd88586f800 Uncommon trap: reason=null_check action=make_not_entrant pc=0x0000000106d0aa60 method=com.sun.prism.impl.ManagedResource$WeakLinkedList.getResource()Lcom/sun/prism/impl/ManagedResource; @ 7
Event: 162.347 Thread 0x00007fd88586f800 Uncommon trap: reason=unreached action=reinterpret pc=0x000000010779d498 method=com.sun.javafx.sg.prism.NGNode.markCullRegions(Lcom/sun/javafx/geom/DirtyRegionContainer;ILcom/sun/javafx/geom/transform/BaseTransform;Lcom/sun/javafx/geom/transform/GeneralTr
Event: 169.112 Thread 0x00007fd884949800 Uncommon trap: reason=bimorphic action=maybe_recompile pc=0x00000001075ea70c method=javafx.scene.Node.parentToLocal(Lcom/sun/javafx/geom/Vec3d;)V @ 10
Event: 169.112 Thread 0x00007fd884949800 Uncommon trap: reason=bimorphic action=maybe_recompile pc=0x00000001075ea760 method=javafx.scene.Node.parentToLocal(Lcom/sun/javafx/geom/Vec3d;)V @ 10
Event: 169.112 Thread 0x00007fd884949800 Uncommon trap: reason=bimorphic action=maybe_recompile pc=0x00000001075ea70c method=javafx.scene.Node.parentToLocal(Lcom/sun/javafx/geom/Vec3d;)V @ 10
Event: 169.112 Thread 0x00007fd884949800 Uncommon trap: reason=bimorphic action=maybe_recompile pc=0x00000001075ea70c method=javafx.scene.Node.parentToLocal(Lcom/sun/javafx/geom/Vec3d;)V @ 10
Event: 178.650 Thread 0x00007fd884949800 Uncommon trap: reason=bimorphic action=maybe_recompile pc=0x000000010785b918 method=javafx.scene.Node.parentToLocal(Lcom/sun/javafx/geom/Vec3d;)V @ 10
Event: 178.650 Thread 0x00007fd884949800 Uncommon trap: reason=bimorphic action=maybe_recompile pc=0x0000000106d50120 method=javafx.scene.Node.parentToLocal(Lcom/sun/javafx/geom/Vec3d;)V @ 10
Event: 381.216 Thread 0x00007fd884949800 Uncommon trap: reason=unreached action=reinterpret pc=0x000000010775e04c method=javafx.scene.CssStyleHelper.transitionToState(Ljavafx/scene/Node;)V @ 697

Internal exceptions (10 events):
Event: 183.974 Thread 0x00007fd884949800 Exception <a 'java/io/FileNotFoundException'> (0x000000076cfbb4c0) thrown at [/HUDSON3/workspace/8-2-build-macosx-x86_64/jdk8u25/1514/hotspot/src/share/vm/prims/jni.cpp, line 716]
Event: 183.976 Thread 0x00007fd884949800 Exception <a 'java/io/FileNotFoundException'> (0x000000076d04ff20) thrown at [/HUDSON3/workspace/8-2-build-macosx-x86_64/jdk8u25/1514/hotspot/src/share/vm/prims/jni.cpp, line 716]
Event: 183.978 Thread 0x00007fd884949800 Exception <a 'java/io/FileNotFoundException'> (0x000000076d0e3790) thrown at [/HUDSON3/workspace/8-2-build-macosx-x86_64/jdk8u25/1514/hotspot/src/share/vm/prims/jni.cpp, line 716]
Event: 183.981 Thread 0x00007fd884949800 Exception <a 'java/io/FileNotFoundException'> (0x000000076d176cf0) thrown at [/HUDSON3/workspace/8-2-build-macosx-x86_64/jdk8u25/1514/hotspot/src/share/vm/prims/jni.cpp, line 716]
Event: 183.983 Thread 0x00007fd884949800 Exception <a 'java/io/FileNotFoundException'> (0x000000076d2106f8) thrown at [/HUDSON3/workspace/8-2-build-macosx-x86_64/jdk8u25/1514/hotspot/src/share/vm/prims/jni.cpp, line 716]
Event: 183.985 Thread 0x00007fd884949800 Exception <a 'java/io/FileNotFoundException'> (0x000000076d2a1380) thrown at [/HUDSON3/workspace/8-2-build-macosx-x86_64/jdk8u25/1514/hotspot/src/share/vm/prims/jni.cpp, line 716]
Event: 183.987 Thread 0x00007fd884949800 Exception <a 'java/io/FileNotFoundException'> (0x000000076d335488) thrown at [/HUDSON3/workspace/8-2-build-macosx-x86_64/jdk8u25/1514/hotspot/src/share/vm/prims/jni.cpp, line 716]
Event: 183.990 Thread 0x00007fd884949800 Exception <a 'java/io/FileNotFoundException'> (0x000000076d3c5788) thrown at [/HUDSON3/workspace/8-2-build-macosx-x86_64/jdk8u25/1514/hotspot/src/share/vm/prims/jni.cpp, line 716]
Event: 183.991 Thread 0x00007fd884949800 Exception <a 'java/io/FileNotFoundException'> (0x000000076d458d00) thrown at [/HUDSON3/workspace/8-2-build-macosx-x86_64/jdk8u25/1514/hotspot/src/share/vm/prims/jni.cpp, line 716]
Event: 183.993 Thread 0x00007fd884949800 Exception <a 'java/io/FileNotFoundException'> (0x000000076d4ecad8) thrown at [/HUDSON3/workspace/8-2-build-macosx-x86_64/jdk8u25/1514/hotspot/src/share/vm/prims/jni.cpp, line 716]

Events (10 events):
Event: 382.423 Thread 0x00007fd88586f800 Thread exited: 0x00007fd88586f800
Event: 382.424 Thread 0x00007fd8858c7000 Thread exited: 0x00007fd8858c7000
Event: 382.424 Thread 0x00007fd883803000 Thread exited: 0x00007fd883803000
Event: 382.424 Thread 0x00007fd88586f800 Thread added: 0x00007fd88586f800
Event: 382.424 Thread 0x00007fd884949800 Thread exited: 0x00007fd884949800
Event: 382.424 loading class java/util/IdentityHashMap$KeyIterator
Event: 382.424 loading class java/util/IdentityHashMap$IdentityHashMapIterator
Event: 382.424 loading class java/util/IdentityHashMap$IdentityHashMapIterator done
Event: 382.424 loading class java/util/IdentityHashMap$KeyIterator done
Event: 382.424 Thread 0x00007fd88586f800 Thread exited: 0x00007fd88586f800


Dynamic libraries:
0x000000000bc37000 	/System/Library/Frameworks/Cocoa.framework/Versions/A/Cocoa
0x000000000bc37000 	/System/Library/Frameworks/Security.framework/Versions/A/Security
0x000000000bc37000 	/System/Library/Frameworks/ApplicationServices.framework/Versions/A/ApplicationServices
0x000000000bc37000 	/usr/lib/libz.1.dylib
0x000000000bc37000 	/usr/lib/libSystem.B.dylib
0x000000000bc37000 	/usr/lib/libobjc.A.dylib
0x000000000bc37000 	/System/Library/Frameworks/CoreFoundation.framework/Versions/A/CoreFoundation
0x000000000bc37000 	/System/Library/Frameworks/Foundation.framework/Versions/C/Foundation
0x000000000bc37000 	/System/Library/Frameworks/AppKit.framework/Versions/C/AppKit
0x000000000bc37000 	/System/Library/Frameworks/CoreData.framework/Versions/A/CoreData
0x000000000bc37000 	/System/Library/PrivateFrameworks/RemoteViewServices.framework/Versions/A/RemoteViewServices
0x000000000bc37000 	/System/Library/PrivateFrameworks/UIFoundation.framework/Versions/A/UIFoundation
0x000000000bc37000 	/System/Library/PrivateFrameworks/DFRFoundation.framework/Versions/A/DFRFoundation
0x000000000bc37000 	/usr/lib/libenergytrace.dylib
0x000000000bc37000 	/System/Library/PrivateFrameworks/SkyLight.framework/Versions/A/SkyLight
0x000000000bc37000 	/System/Library/Frameworks/CoreGraphics.framework/Versions/A/CoreGraphics
0x000000000bc37000 	/usr/lib/libScreenReader.dylib
0x000000000bc37000 	/System/Library/Frameworks/Accelerate.framework/Versions/A/Accelerate
0x000000000bc37000 	/System/Library/Frameworks/IOSurface.framework/Versions/A/IOSurface
0x000000000bc37000 	/System/Library/Frameworks/AudioToolbox.framework/Versions/A/AudioToolbox
0x000000000bc37000 	/System/Library/Frameworks/AudioUnit.framework/Versions/A/AudioUnit
0x000000000bc37000 	/System/Library/PrivateFrameworks/DataDetectorsCore.framework/Versions/A/DataDetectorsCore
0x000000000bc37000 	/System/Library/PrivateFrameworks/DesktopServicesPriv.framework/Versions/A/DesktopServicesPriv
0x000000000bc37000 	/System/Library/Frameworks/Carbon.framework/Versions/A/Frameworks/HIToolbox.framework/Versions/A/HIToolbox
0x000000000bc37000 	/usr/lib/libicucore.A.dylib
0x000000000bc37000 	/System/Library/Frameworks/QuartzCore.framework/Versions/A/QuartzCore
0x000000000bc37000 	/System/Library/Frameworks/Carbon.framework/Versions/A/Frameworks/SpeechRecognition.framework/Versions/A/SpeechRecognition
0x000000000bc37000 	/usr/lib/libauto.dylib
0x000000000bc37000 	/usr/lib/libxml2.2.dylib
0x000000000bc37000 	/System/Library/PrivateFrameworks/CoreUI.framework/Versions/A/CoreUI
0x000000000bc37000 	/System/Library/Frameworks/CoreAudio.framework/Versions/A/CoreAudio
0x000000000bc37000 	/System/Library/Frameworks/DiskArbitration.framework/Versions/A/DiskArbitration
0x000000000bc37000 	/usr/lib/liblangid.dylib
0x000000000bc37000 	/System/Library/PrivateFrameworks/MultitouchSupport.framework/Versions/A/MultitouchSupport
0x000000000bc37000 	/System/Library/Frameworks/IOKit.framework/Versions/A/IOKit
0x000000000bc37000 	/usr/lib/libDiagnosticMessagesClient.dylib
0x000000000bc37000 	/System/Library/Frameworks/CoreServices.framework/Versions/A/CoreServices
0x000000000bc37000 	/System/Library/PrivateFrameworks/PerformanceAnalysis.framework/Versions/A/PerformanceAnalysis
0x000000000bc37000 	/System/Library/PrivateFrameworks/GenerationalStorage.framework/Versions/A/GenerationalStorage
0x000000000bc37000 	/System/Library/Frameworks/OpenGL.framework/Versions/A/OpenGL
0x000000000bc37000 	/System/Library/Frameworks/CoreImage.framework/Versions/A/CoreImage
0x000000000bc37000 	/System/Library/Frameworks/CoreText.framework/Versions/A/CoreText
0x000000000bc37000 	/System/Library/Frameworks/ImageIO.framework/Versions/A/ImageIO
0x000000000bc37000 	/System/Library/PrivateFrameworks/Backup.framework/Versions/A/Backup
0x000000000bc37000 	/usr/lib/libarchive.2.dylib
0x000000000bc37000 	/System/Library/Frameworks/CFNetwork.framework/Versions/A/CFNetwork
0x000000000bc37000 	/System/Library/Frameworks/SystemConfiguration.framework/Versions/A/SystemConfiguration
0x000000000bc37000 	/usr/lib/libCRFSuite.dylib
0x000000000bc37000 	/usr/lib/libc++.1.dylib
0x000000000bc37000 	/usr/lib/libc++abi.dylib
0x000000000bc37000 	/usr/lib/system/libcache.dylib
0x000000000bc37000 	/usr/lib/system/libcommonCrypto.dylib
0x000000000bc37000 	/usr/lib/system/libcompiler_rt.dylib
0x000000000bc37000 	/usr/lib/system/libcopyfile.dylib
0x000000000bc37000 	/usr/lib/system/libcorecrypto.dylib
0x000000000bc37000 	/usr/lib/system/libdispatch.dylib
0x000000000bc37000 	/usr/lib/system/libdyld.dylib
0x000000000bc37000 	/usr/lib/system/libkeymgr.dylib
0x000000000bc37000 	/usr/lib/system/liblaunch.dylib
0x000000000bc37000 	/usr/lib/system/libmacho.dylib
0x000000000bc37000 	/usr/lib/system/libquarantine.dylib
0x000000000bc37000 	/usr/lib/system/libremovefile.dylib
0x000000000bc37000 	/usr/lib/system/libsystem_asl.dylib
0x000000000bc37000 	/usr/lib/system/libsystem_blocks.dylib
0x000000000bc37000 	/usr/lib/system/libsystem_c.dylib
0x000000000bc37000 	/usr/lib/system/libsystem_configuration.dylib
0x000000000bc37000 	/usr/lib/system/libsystem_coreservices.dylib
0x000000000bc37000 	/usr/lib/system/libsystem_coretls.dylib
0x000000000bc37000 	/usr/lib/system/libsystem_dnssd.dylib
0x000000000bc37000 	/usr/lib/system/libsystem_info.dylib
0x000000000bc37000 	/usr/lib/system/libsystem_kernel.dylib
0x000000000bc37000 	/usr/lib/system/libsystem_m.dylib
0x000000000bc37000 	/usr/lib/system/libsystem_malloc.dylib
0x000000000bc37000 	/usr/lib/system/libsystem_network.dylib
0x000000000bc37000 	/usr/lib/system/libsystem_networkextension.dylib
0x000000000bc37000 	/usr/lib/system/libsystem_notify.dylib
0x000000000bc37000 	/usr/lib/system/libsystem_platform.dylib
0x000000000bc37000 	/usr/lib/system/libsystem_pthread.dylib
0x000000000bc37000 	/usr/lib/system/libsystem_sandbox.dylib
0x000000000bc37000 	/usr/lib/system/libsystem_secinit.dylib
0x000000000bc37000 	/usr/lib/system/libsystem_symptoms.dylib
0x000000000bc37000 	/usr/lib/system/libsystem_trace.dylib
0x000000000bc37000 	/usr/lib/system/libunwind.dylib
0x000000000bc37000 	/usr/lib/system/libxpc.dylib
0x000000000bc37000 	/usr/lib/libbsm.0.dylib
0x000000000bc37000 	/usr/lib/system/libkxld.dylib
0x000000000bc37000 	/usr/lib/libcoretls.dylib
0x000000000bc37000 	/usr/lib/libcoretls_cfhelpers.dylib
0x000000000bc37000 	/usr/lib/libOpenScriptingUtil.dylib
0x000000000bc37000 	/usr/lib/libpam.2.dylib
0x000000000bc37000 	/usr/lib/libsqlite3.dylib
0x000000000bc37000 	/usr/lib/libxar.1.dylib
0x000000000bc37000 	/usr/lib/libbz2.1.0.dylib
0x000000000bc37000 	/usr/lib/liblzma.5.dylib
0x000000000bc37000 	/usr/lib/libnetwork.dylib
0x000000000bc37000 	/usr/lib/libpcap.A.dylib
0x000000000bc37000 	/System/Library/Frameworks/CoreServices.framework/Versions/A/Frameworks/FSEvents.framework/Versions/A/FSEvents
0x000000000bc37000 	/System/Library/Frameworks/CoreServices.framework/Versions/A/Frameworks/CarbonCore.framework/Versions/A/CarbonCore
0x000000000bc37000 	/System/Library/Frameworks/CoreServices.framework/Versions/A/Frameworks/Metadata.framework/Versions/A/Metadata
0x000000000bc37000 	/System/Library/Frameworks/CoreServices.framework/Versions/A/Frameworks/OSServices.framework/Versions/A/OSServices
0x000000000bc37000 	/System/Library/Frameworks/CoreServices.framework/Versions/A/Frameworks/SearchKit.framework/Versions/A/SearchKit
0x000000000bc37000 	/System/Library/Frameworks/CoreServices.framework/Versions/A/Frameworks/AE.framework/Versions/A/AE
0x000000000bc37000 	/System/Library/Frameworks/CoreServices.framework/Versions/A/Frameworks/LaunchServices.framework/Versions/A/LaunchServices
0x000000000bc37000 	/System/Library/Frameworks/CoreServices.framework/Versions/A/Frameworks/DictionaryServices.framework/Versions/A/DictionaryServices
0x000000000bc37000 	/System/Library/Frameworks/CoreServices.framework/Versions/A/Frameworks/SharedFileList.framework/Versions/A/SharedFileList
0x000000000bc37000 	/System/Library/Frameworks/NetFS.framework/Versions/A/NetFS
0x000000000bc37000 	/System/Library/PrivateFrameworks/NetAuth.framework/Versions/A/NetAuth
0x000000000bc37000 	/System/Library/PrivateFrameworks/login.framework/Versions/A/Frameworks/loginsupport.framework/Versions/A/loginsupport
0x000000000bc37000 	/System/Library/PrivateFrameworks/TCC.framework/Versions/A/TCC
0x000000000bc37000 	/usr/lib/libmecabra.dylib
0x000000000bc37000 	/System/Library/Frameworks/ApplicationServices.framework/Versions/A/Frameworks/ATS.framework/Versions/A/ATS
0x000000000bc37000 	/System/Library/Frameworks/ApplicationServices.framework/Versions/A/Frameworks/ColorSync.framework/Versions/A/ColorSync
0x000000000bc37000 	/System/Library/Frameworks/ApplicationServices.framework/Versions/A/Frameworks/HIServices.framework/Versions/A/HIServices
0x000000000bc37000 	/System/Library/Frameworks/ApplicationServices.framework/Versions/A/Frameworks/LangAnalysis.framework/Versions/A/LangAnalysis
0x000000000bc37000 	/System/Library/Frameworks/ApplicationServices.framework/Versions/A/Frameworks/PrintCore.framework/Versions/A/PrintCore
0x000000000bc37000 	/System/Library/Frameworks/ApplicationServices.framework/Versions/A/Frameworks/QD.framework/Versions/A/QD
0x000000000bc37000 	/System/Library/Frameworks/ApplicationServices.framework/Versions/A/Frameworks/SpeechSynthesis.framework/Versions/A/SpeechSynthesis
0x000000000bc37000 	/System/Library/Frameworks/Accelerate.framework/Versions/A/Frameworks/vImage.framework/Versions/A/vImage
0x000000000bc37000 	/System/Library/Frameworks/Accelerate.framework/Versions/A/Frameworks/vecLib.framework/Versions/A/vecLib
0x000000000bc37000 	/System/Library/Frameworks/Accelerate.framework/Versions/A/Frameworks/vecLib.framework/Versions/A/libvDSP.dylib
0x000000000bc37000 	/System/Library/Frameworks/Accelerate.framework/Versions/A/Frameworks/vecLib.framework/Versions/A/libBNNS.dylib
0x000000000bc37000 	/System/Library/Frameworks/Accelerate.framework/Versions/A/Frameworks/vecLib.framework/Versions/A/libQuadrature.dylib
0x000000000bc37000 	/System/Library/Frameworks/Accelerate.framework/Versions/A/Frameworks/vecLib.framework/Versions/A/libvMisc.dylib
0x000000000bc37000 	/System/Library/Frameworks/Accelerate.framework/Versions/A/Frameworks/vecLib.framework/Versions/A/libLAPACK.dylib
0x000000000bc37000 	/System/Library/Frameworks/Accelerate.framework/Versions/A/Frameworks/vecLib.framework/Versions/A/libBLAS.dylib
0x000000000bc37000 	/System/Library/Frameworks/Accelerate.framework/Versions/A/Frameworks/vecLib.framework/Versions/A/libLinearAlgebra.dylib
0x000000000bc37000 	/System/Library/Frameworks/Accelerate.framework/Versions/A/Frameworks/vecLib.framework/Versions/A/libSparseBLAS.dylib
0x000000000bc37000 	/System/Library/Frameworks/ApplicationServices.framework/Versions/A/Frameworks/ATS.framework/Versions/A/Resources/libFontParser.dylib
0x000000000bc37000 	/System/Library/Frameworks/ApplicationServices.framework/Versions/A/Frameworks/ATS.framework/Versions/A/Resources/libFontRegistry.dylib
0x000000000bc37000 	/System/Library/Frameworks/ImageIO.framework/Versions/A/Resources/libJPEG.dylib
0x000000000bc37000 	/System/Library/Frameworks/ImageIO.framework/Versions/A/Resources/libTIFF.dylib
0x000000000bc37000 	/System/Library/Frameworks/ImageIO.framework/Versions/A/Resources/libPng.dylib
0x000000000bc37000 	/System/Library/Frameworks/ImageIO.framework/Versions/A/Resources/libGIF.dylib
0x000000000bc37000 	/System/Library/Frameworks/ImageIO.framework/Versions/A/Resources/libJP2.dylib
0x000000000bc37000 	/System/Library/Frameworks/ImageIO.framework/Versions/A/Resources/libRadiance.dylib
0x000000000bc37000 	/usr/lib/libcompression.dylib
0x000000000bc37000 	/System/Library/PrivateFrameworks/AppleJPEG.framework/Versions/A/AppleJPEG
0x000000000bc37000 	/usr/lib/libcups.2.dylib
0x000000000bc37000 	/System/Library/Frameworks/Kerberos.framework/Versions/A/Kerberos
0x000000000bc37000 	/System/Library/Frameworks/GSS.framework/Versions/A/GSS
0x000000000bc37000 	/usr/lib/libresolv.9.dylib
0x000000000bc37000 	/usr/lib/libiconv.2.dylib
0x000000000bc37000 	/System/Library/PrivateFrameworks/Heimdal.framework/Versions/A/Heimdal
0x000000000bc37000 	/usr/lib/libheimdal-asn1.dylib
0x000000000bc37000 	/System/Library/Frameworks/OpenDirectory.framework/Versions/A/OpenDirectory
0x000000000bc37000 	/System/Library/PrivateFrameworks/CommonAuth.framework/Versions/A/CommonAuth
0x000000000bc37000 	/System/Library/Frameworks/OpenDirectory.framework/Versions/A/Frameworks/CFOpenDirectory.framework/Versions/A/CFOpenDirectory
0x000000000bc37000 	/System/Library/Frameworks/SecurityFoundation.framework/Versions/A/SecurityFoundation
0x000000000bc37000 	/System/Library/PrivateFrameworks/LanguageModeling.framework/Versions/A/LanguageModeling
0x000000000bc37000 	/usr/lib/libmarisa.dylib
0x000000000bc37000 	/usr/lib/libChineseTokenizer.dylib
0x000000000bc37000 	/usr/lib/libcmph.dylib
0x000000000bc37000 	/System/Library/PrivateFrameworks/CoreEmoji.framework/Versions/A/CoreEmoji
0x000000000bc37000 	/System/Library/Frameworks/ServiceManagement.framework/Versions/A/ServiceManagement
0x000000000bc37000 	/usr/lib/libxslt.1.dylib
0x000000000bc37000 	/System/Library/Frameworks/Carbon.framework/Versions/A/Frameworks/Ink.framework/Versions/A/Ink
0x000000000bc37000 	/System/Library/PrivateFrameworks/TextureIO.framework/Versions/A/TextureIO
0x000000000bc37000 	/System/Library/Frameworks/Metal.framework/Versions/A/Metal
0x000000000bc37000 	/usr/lib/libate.dylib
0x000000000bc37000 	/System/Library/PrivateFrameworks/GPUCompiler.framework/libmetal_timestamp.dylib
0x000000000bc37000 	/System/Library/Frameworks/OpenGL.framework/Versions/A/Libraries/libCoreFSCache.dylib
0x000000000bc37000 	/System/Library/PrivateFrameworks/IOAccelerator.framework/Versions/A/IOAccelerator
0x000000000bc37000 	/System/Library/Frameworks/CoreVideo.framework/Versions/A/CoreVideo
0x000000000bc37000 	/usr/lib/libFosl_dynamic.dylib
0x000000000bc37000 	/System/Library/PrivateFrameworks/MetalPerformanceShaders.framework/Versions/A/MetalPerformanceShaders
0x000000000bc37000 	/System/Library/PrivateFrameworks/FaceCore.framework/Versions/A/FaceCore
0x000000000bc37000 	/System/Library/Frameworks/OpenCL.framework/Versions/A/OpenCL
0x000000000bc37000 	/System/Library/Frameworks/OpenGL.framework/Versions/A/Libraries/libGLU.dylib
0x000000000bc37000 	/System/Library/Frameworks/OpenGL.framework/Versions/A/Libraries/libGFXShared.dylib
0x000000000bc37000 	/System/Library/Frameworks/OpenGL.framework/Versions/A/Libraries/libGL.dylib
0x000000000bc37000 	/System/Library/Frameworks/OpenGL.framework/Versions/A/Libraries/libGLImage.dylib
0x000000000bc37000 	/System/Library/Frameworks/OpenGL.framework/Versions/A/Libraries/libCVMSPluginSupport.dylib
0x000000000bc37000 	/System/Library/Frameworks/OpenGL.framework/Versions/A/Libraries/libCoreVMClient.dylib
0x000000000bc37000 	/System/Library/PrivateFrameworks/CrashReporterSupport.framework/Versions/A/CrashReporterSupport
0x000000000bc37000 	/System/Library/PrivateFrameworks/Sharing.framework/Versions/A/Sharing
0x000000000bc37000 	/System/Library/PrivateFrameworks/IconServices.framework/Versions/A/IconServices
0x000000000bc37000 	/System/Library/PrivateFrameworks/ProtocolBuffer.framework/Versions/A/ProtocolBuffer
0x000000000bc37000 	/System/Library/PrivateFrameworks/Apple80211.framework/Versions/A/Apple80211
0x000000000bc37000 	/System/Library/Frameworks/CoreWLAN.framework/Versions/A/CoreWLAN
0x000000000bc37000 	/System/Library/PrivateFrameworks/CoreUtils.framework/Versions/A/CoreUtils
0x000000000bc37000 	/System/Library/Frameworks/IOBluetooth.framework/Versions/A/IOBluetooth
0x000000000bc37000 	/System/Library/PrivateFrameworks/CoreWiFi.framework/Versions/A/CoreWiFi
0x000000000bc37000 	/System/Library/Frameworks/CoreBluetooth.framework/Versions/A/CoreBluetooth
0x000000000bc37000 	/System/Library/Frameworks/CoreDisplay.framework/Versions/A/CoreDisplay
0x000000000bc37000 	/System/Library/PrivateFrameworks/IOPresentment.framework/Versions/A/IOPresentment
0x000000000bc37000 	/System/Library/PrivateFrameworks/DSExternalDisplay.framework/Versions/A/DSExternalDisplay
0x000000000bc37000 	/System/Library/PrivateFrameworks/DebugSymbols.framework/Versions/A/DebugSymbols
0x000000000bc37000 	/System/Library/PrivateFrameworks/CoreSymbolication.framework/Versions/A/CoreSymbolication
0x000000000bc37000 	/System/Library/PrivateFrameworks/Symbolication.framework/Versions/A/Symbolication
0x000000000bc37000 	/System/Library/PrivateFrameworks/AppleFSCompression.framework/Versions/A/AppleFSCompression
0x000000000bc37000 	/System/Library/PrivateFrameworks/SpeechRecognitionCore.framework/Versions/A/SpeechRecognitionCore
0x000000000bc37000 	/System/Library/PrivateFrameworks/ChunkingLibrary.framework/Versions/A/ChunkingLibrary
0x0000000104a94000 	/Library/Java/JavaVirtualMachines/jdk1.8.0_25.jdk/Contents/Home/jre/lib/server/libjvm.dylib
0x000000000bc37000 	/usr/lib/libstdc++.6.dylib
0x00000001059b0000 	/Library/Java/JavaVirtualMachines/jdk1.8.0_25.jdk/Contents/Home/jre/lib/libverify.dylib
0x00000001059be000 	/Library/Java/JavaVirtualMachines/jdk1.8.0_25.jdk/Contents/Home/jre/lib/libjava.dylib
0x00000001059fc000 	/Library/Java/JavaVirtualMachines/jdk1.8.0_25.jdk/Contents/Home/jre/lib/libzip.dylib
0x0000000105be5000 	/System/Library/Frameworks/JavaVM.framework/Frameworks/JavaRuntimeSupport.framework/JavaRuntimeSupport
0x0000000121b69000 	/System/Library/Frameworks/JavaVM.framework/Versions/A/Frameworks/JavaNativeFoundation.framework/Versions/A/JavaNativeFoundation
0x0000000121b7e000 	/System/Library/Frameworks/JavaVM.framework/Versions/A/JavaVM
0x000000000bc37000 	/System/Library/Frameworks/Carbon.framework/Versions/A/Carbon
0x0000000121b8b000 	/System/Library/PrivateFrameworks/JavaLaunching.framework/Versions/A/JavaLaunching
0x000000000bc37000 	/System/Library/Frameworks/Carbon.framework/Versions/A/Frameworks/CommonPanels.framework/Versions/A/CommonPanels
0x000000000bc37000 	/System/Library/Frameworks/Carbon.framework/Versions/A/Frameworks/Help.framework/Versions/A/Help
0x000000000bc37000 	/System/Library/Frameworks/Carbon.framework/Versions/A/Frameworks/ImageCapture.framework/Versions/A/ImageCapture
0x000000000bc37000 	/System/Library/Frameworks/Carbon.framework/Versions/A/Frameworks/OpenScripting.framework/Versions/A/OpenScripting
0x000000000bc37000 	/System/Library/Frameworks/Carbon.framework/Versions/A/Frameworks/Print.framework/Versions/A/Print
0x000000000bc37000 	/System/Library/Frameworks/Carbon.framework/Versions/A/Frameworks/SecurityHI.framework/Versions/A/SecurityHI
0x000000012351c000 	/Library/Java/JavaVirtualMachines/jdk1.8.0_25.jdk/Contents/Home/jre/lib/libprism_es2.dylib
0x000000012357f000 	/System/Library/Frameworks/OpenGL.framework/Resources/GLEngine.bundle/GLEngine
0x000000000bc37000 	/System/Library/Frameworks/OpenGL.framework/Versions/A/Libraries/libGLProgrammability.dylib
0x0000000123764000 	/System/Library/Extensions/AppleIntelHD5000GraphicsGLDriver.bundle/Contents/MacOS/AppleIntelHD5000GraphicsGLDriver
0x000000000bc37000 	/System/Library/PrivateFrameworks/GPUSupport.framework/Versions/A/Libraries/libGPUSupportMercury.dylib
0x000000000bc37000 	/System/Library/Extensions/GeForceGLDriver.bundle/Contents/MacOS/GeForceGLDriver
0x000000000bc37000 	/System/Library/Extensions/GeForceGLDriver.bundle/Contents/MacOS/libclh.dylib
0x0000000123edb000 	/System/Library/Frameworks/OpenGL.framework/Resources//GLRendererFloat.bundle/GLRendererFloat
0x000000000bc37000 	/System/Library/Frameworks/OpenCL.framework/Versions/A/Libraries/libcldcpuengine.dylib
0x000000000bc37000 	/usr/lib/libcrypto.0.9.8.dylib
0x000000000bc37000 	/System/Library/PrivateFrameworks/TrustEvaluationAgent.framework/Versions/A/TrustEvaluationAgent
0x0000000124177000 	/Library/Java/JavaVirtualMachines/jdk1.8.0_25.jdk/Contents/Home/jre/lib/libglass.dylib
0x000000000bc37000 	/System/Library/PrivateFrameworks/CoreServicesInternal.framework/Versions/A/CoreServicesInternal
0x000000000bc37000 	/System/Library/CoreServices/RawCamera.bundle/Contents/MacOS/RawCamera
0x000000000bc37000 	/System/Library/Frameworks/Accelerate.framework/Versions/A/Frameworks/vImage.framework/Versions/A/Libraries/libCGInterfaces.dylib
0x000000000bc37000 	/System/Library/PrivateFrameworks/FamilyControls.framework/Versions/A/FamilyControls
0x000000000bc37000 	/System/Library/PrivateFrameworks/CommerceKit.framework/Versions/A/Frameworks/CommerceCore.framework/Versions/A/CommerceCore
0x000000000bc37000 	/System/Library/PrivateFrameworks/SystemAdministration.framework/Versions/A/SystemAdministration
0x000000000bc37000 	/System/Library/PrivateFrameworks/AppContainer.framework/Versions/A/AppContainer
0x000000000bc37000 	/System/Library/PrivateFrameworks/SecCodeWrapper.framework/Versions/A/SecCodeWrapper
0x000000000bc37000 	/System/Library/Frameworks/DirectoryService.framework/Versions/A/DirectoryService
0x000000000bc37000 	/System/Library/PrivateFrameworks/DiskImages.framework/Versions/A/DiskImages
0x000000000bc37000 	/System/Library/PrivateFrameworks/LoginUIKit.framework/Versions/A/Frameworks/LoginUICore.framework/Versions/A/LoginUICore
0x000000000bc37000 	/usr/lib/libCoreStorage.dylib
0x000000000bc37000 	/usr/lib/libcsfde.dylib
0x000000000bc37000 	/usr/lib/libodfde.dylib
0x000000000bc37000 	/System/Library/Frameworks/DiscRecording.framework/Versions/A/DiscRecording
0x000000000bc37000 	/usr/lib/libcurl.4.dylib
0x000000000bc37000 	/System/Library/PrivateFrameworks/MediaKit.framework/Versions/A/MediaKit
0x000000000bc37000 	/System/Library/PrivateFrameworks/ProtectedCloudStorage.framework/Versions/A/ProtectedCloudStorage
0x000000000bc37000 	/System/Library/PrivateFrameworks/EFILogin.framework/Versions/A/EFILogin
0x000000000bc37000 	/usr/lib/libutil.dylib
0x000000000bc37000 	/System/Library/Frameworks/LDAP.framework/Versions/A/LDAP
0x000000000bc37000 	/usr/lib/libsasl2.2.dylib
0x000000000bc37000 	/System/Library/PrivateFrameworks/CoreDaemon.framework/Versions/B/CoreDaemon
0x000000000bc37000 	/System/Library/PrivateFrameworks/AppleSRP.framework/Versions/A/AppleSRP
0x000000000bc37000 	/System/Library/PrivateFrameworks/APFS.framework/Versions/A/APFS
0x0000000127a24000 	/Library/Java/JavaVirtualMachines/jdk1.8.0_25.jdk/Contents/Home/jre/lib/libjavafx_font.dylib
0x000000000bc37000 	/System/Library/Frameworks/ApplicationServices.framework/Versions/A/Frameworks/ATS.framework/Versions/A/Resources/libTrueTypeScaler.dylib
0x000000000bc37000 	/System/Library/Extensions/GeForceMTLDriver.bundle/Contents/MacOS/GeForceMTLDriver
0x000000012a37f000 	/System/Library/Extensions/AppleIntelHD5000GraphicsMTLDriver.bundle/Contents/MacOS/AppleIntelHD5000GraphicsMTLDriver
0x000000012a6c6000 	/Library/Java/JavaVirtualMachines/jdk1.8.0_25.jdk/Contents/Home/jre/lib/libprism_common.dylib
0x000000000bc37000 	/System/Library/PrivateFrameworks/ViewBridge.framework/Versions/A/ViewBridge
0x000000000bc37000 	/System/Library/PrivateFrameworks/XPCService.framework/Versions/A/XPCService
0x000000000bc37000 	/System/Library/PrivateFrameworks/AppSandbox.framework/Versions/A/AppSandbox
0x000000000bc37000 	/usr/lib/libsandbox.1.dylib
0x000000000bc37000 	/usr/lib/libMatch.1.dylib
0x000000012bfa0000 	/Library/Java/JavaVirtualMachines/jdk1.8.0_25.jdk/Contents/Home/jre/lib/libjavafx_iio.dylib

VM Arguments:
jvm_args: -Dfile.encoding=UTF-8 
java_command: application.Main
java_class_path (initial): /Users/aminuniversita/Desktop/Progetto/MonopolyFX/bin:/Applications/Eclipse.app/Contents/Eclipse/plugins/org.eclipse.fx.ide.css.jfx8_2.4.0.201605112122.jar:/Users/aminuniversita/Desktop/Progetto/jfoenix.jar
Launcher Type: SUN_STANDARD

Environment Variables:
PATH=/usr/bin:/bin:/usr/sbin:/sbin
SHELL=/bin/bash

Signal Handlers:
SIGSEGV: [libjvm.dylib+0x579dc7], sa_mask[0]=11111111011111110111111111111111, sa_flags=SA_ONSTACK|SA_RESTART|SA_SIGINFO
SIGBUS: [libjvm.dylib+0x579dc7], sa_mask[0]=11111111011111110111111111111111, sa_flags=SA_RESTART|SA_SIGINFO
SIGFPE: [libjvm.dylib+0x45b030], sa_mask[0]=11111111011111110111111111111111, sa_flags=SA_RESTART|SA_SIGINFO
SIGPIPE: [libjvm.dylib+0x45b030], sa_mask[0]=11111111011111110111111111111111, sa_flags=SA_RESTART|SA_SIGINFO
SIGXFSZ: [libjvm.dylib+0x45b030], sa_mask[0]=11111111011111110111111111111111, sa_flags=SA_RESTART|SA_SIGINFO
SIGILL: [libjvm.dylib+0x45b030], sa_mask[0]=11111111011111110111111111111111, sa_flags=SA_RESTART|SA_SIGINFO
SIGUSR1: SIG_DFL, sa_mask[0]=00000000000000000000000000000000, sa_flags=none
SIGUSR2: [libjvm.dylib+0x45ab4e], sa_mask[0]=00100000000000000000000000000000, sa_flags=SA_RESTART|SA_SIGINFO
SIGHUP: [libjvm.dylib+0x459121], sa_mask[0]=11111111011111110111111111111111, sa_flags=SA_RESTART|SA_SIGINFO
SIGINT: [libjvm.dylib+0x459121], sa_mask[0]=11111111011111110111111111111111, sa_flags=SA_RESTART|SA_SIGINFO
SIGTERM: [libjvm.dylib+0x459121], sa_mask[0]=11111111011111110111111111111111, sa_flags=SA_RESTART|SA_SIGINFO
SIGQUIT: [libjvm.dylib+0x459121], sa_mask[0]=11111111011111110111111111111111, sa_flags=SA_RESTART|SA_SIGINFO


---------------  S Y S T E M  ---------------

OS:Bsduname:Darwin 16.5.0 Darwin Kernel Version 16.5.0: Fri Mar  3 16:52:33 PST 2017; root:xnu-3789.51.2~3/RELEASE_X86_64 x86_64
rlimit: STACK 8192k, CORE 0k, NPROC 709, NOFILE 10240, AS infinity
load average:1.51 1.62 1.58

CPU:total 8 (4 cores per cpu, 2 threads per core) family 6 model 70 stepping 1, cmov, cx8, fxsr, mmx, sse, sse2, sse3, ssse3, sse4.1, sse4.2, popcnt, avx, avx2, aes, clmul, erms, rtm, lzcnt, ht, tsc, tscinvbit, bmi1, bmi2

Memory: 4k page, physical 16777216k(1886340k free)

/proc/meminfo:


vm_info: Java HotSpot(TM) 64-Bit Server VM (25.25-b02) for bsd-amd64 JRE (1.8.0_25-b17), built on Sep 17 2014 16:56:50 by "java_re" with gcc 4.2.1 (Based on Apple Inc. build 5658) (LLVM build 2336.11.00)

time: Tue May 23 19:12:29 2017
elapsed time: 382 seconds (0d 0h 6m 22s)

